#
# There is insufficient memory for the Java Runtime Environment to continue.
# Native memory allocation (mmap) failed to map 65536 bytes for Failed to commit metaspace.
# Possible reasons:
#   The system is out of physical RAM or swap space
#   The process is running with CompressedOops enabled, and the Java Heap may be blocking the growth of the native heap
# Possible solutions:
#   Reduce memory load on the system
#   Increase physical memory or swap space
#   Check if swap backing store is full
#   Decrease Java heap size (-Xmx/-Xms)
#   Decrease number of Java threads
#   Decrease Java thread stack sizes (-Xss)
#   Set larger code cache with -XX:ReservedCodeCacheSize=
#   JVM is running with Zero Based Compressed Oops mode in which the Java heap is
#     placed in the first 32GB address space. The Java Heap base address is the
#     maximum limit for the native heap growth. Please use -XX:HeapBaseMinAddress
#     to set the Java Heap base and to place the Java Heap above 32GB virtual address.
# This output file may be truncated or incomplete.
#
#  Out of Memory Error (virtualSpaceNode.cpp:110), pid=19476, tid=3528
#
# JRE version: Java(TM) SE Runtime Environment (18.0.2.1+1) (build 18.0.2.1+1-1)
# Java VM: Java HotSpot(TM) 64-Bit Server VM (18.0.2.1+1-1, mixed mode, emulated-client, sharing, tiered, compressed oops, compressed class ptrs, g1 gc, windows-amd64)
# No core dump will be written. Minidumps are not enabled by default on client versions of Windows
#

---------------  S U M M A R Y ------------

Command Line: -XX:TieredStopAtLevel=1 -Dspring.output.ansi.enabled=always -Dcom.sun.management.jmxremote -Dspring.jmx.enabled=true -Dspring.liveBeansView.mbeanDomain -Dspring.application.admin.enabled=true -javaagent:C:\Program Files\JetBrains\IntelliJ IDEA 2022.2.3\lib\idea_rt.jar=53609:C:\Program Files\JetBrains\IntelliJ IDEA 2022.2.3\bin -Dfile.encoding=UTF-8 -Dsun.stdout.encoding=UTF-8 -Dsun.stderr.encoding=UTF-8 com.example.demo.DemoApplication

Host: Intel(R) Core(TM) i3-8130U CPU @ 2.20GHz, 4 cores, 11G,  Windows 10 , 64 bit Build 19041 (10.0.19041.3155)
Time: Thu Sep  7 15:22:31 2023 SE Asia Standard Time elapsed time: 0.426682 seconds (0d 0h 0m 0s)

---------------  T H R E A D  ---------------

Current thread (0x000001fb88618d00):  JavaThread "main" [_thread_in_vm, id=3528, stack(0x0000009887700000,0x0000009887800000)]

Stack: [0x0000009887700000,0x0000009887800000]
Native frames: (J=compiled Java code, j=interpreted, Vv=VM code, C=native code)
V  [jvm.dll+0x6993aa]
V  [jvm.dll+0x7f46dd]
V  [jvm.dll+0x7f5fee]
V  [jvm.dll+0x7f66a3]
V  [jvm.dll+0x25cf1f]
V  [jvm.dll+0x7f03eb]
V  [jvm.dll+0x63f526]
V  [jvm.dll+0x63f58a]
V  [jvm.dll+0x641e0e]
V  [jvm.dll+0x641cce]
V  [jvm.dll+0x63feee]
V  [jvm.dll+0x252ab0]
V  [jvm.dll+0x20333d]
V  [jvm.dll+0x1f8d61]
V  [jvm.dll+0x55dc05]
V  [jvm.dll+0x209c17]
V  [jvm.dll+0x76dd8d]
V  [jvm.dll+0x76f0c6]
V  [jvm.dll+0x76f3f8]
V  [jvm.dll+0x255346]
V  [jvm.dll+0x25558f]
V  [jvm.dll+0x57c6c8]
V  [jvm.dll+0x57f537]
V  [jvm.dll+0x3a4da3]
V  [jvm.dll+0x3a443f]
C  0x000001fb91759222

Java frames: (J=compiled Java code, j=interpreted, Vv=VM code)
j  com.sun.jmx.mbeanserver.MXBeanSupport.getMBeanIntrospector()Lcom/sun/jmx/mbeanserver/MBeanIntrospector;+0 java.management@18.0.2.1
j  com.sun.jmx.mbeanserver.MBeanSupport.<init>(Ljava/lang/Object;Ljava/lang/Class;)V+62 java.management@18.0.2.1
j  com.sun.jmx.mbeanserver.MXBeanSupport.<init>(Ljava/lang/Object;Ljava/lang/Class;)V+3 java.management@18.0.2.1
j  javax.management.StandardMBean.construct(Ljava/lang/Object;Ljava/lang/Class;ZZ)V+56 java.management@18.0.2.1
j  javax.management.StandardMBean.<init>(Ljava/lang/Object;Ljava/lang/Class;Z)V+9 java.management@18.0.2.1
j  java.lang.management.ManagementFactory.lambda$addMXBean$7(Ljava/lang/Object;Ljavax/management/MBeanServer;Ljavax/management/ObjectName;)Ljava/lang/Void;+53 java.management@18.0.2.1
j  java.lang.management.ManagementFactory$$Lambda$22+0x0000000800c64598.run()Ljava/lang/Object;+12 java.management@18.0.2.1
j  java.security.AccessController.executePrivileged(Ljava/security/PrivilegedExceptionAction;Ljava/security/AccessControlContext;Ljava/lang/Class;)Ljava/lang/Object;+29 java.base@18.0.2.1
j  java.security.AccessController.doPrivileged(Ljava/security/PrivilegedExceptionAction;)Ljava/lang/Object;+9 java.base@18.0.2.1
j  java.lang.management.ManagementFactory.addMXBean(Ljavax/management/MBeanServer;Ljava/lang/String;Ljava/lang/Object;)V+13 java.management@18.0.2.1
j  java.lang.management.ManagementFactory.lambda$getPlatformMBeanServer$1(Ljava/util/Map$Entry;)V+18 java.management@18.0.2.1
j  java.lang.management.ManagementFactory$$Lambda$21+0x0000000800c63bd0.accept(Ljava/lang/Object;)V+4 java.management@18.0.2.1
j  java.util.stream.ForEachOps$ForEachOp$OfRef.accept(Ljava/lang/Object;)V+5 java.base@18.0.2.1
j  java.util.Collections$2.tryAdvance(Ljava/util/function/Consumer;)Z+29 java.base@18.0.2.1
j  java.util.Collections$2.forEachRemaining(Ljava/util/function/Consumer;)V+2 java.base@18.0.2.1
j  java.util.stream.ReferencePipeline$Head.forEach(Ljava/util/function/Consumer;)V+12 java.base@18.0.2.1
j  java.util.stream.ReferencePipeline$7$1.accept(Ljava/lang/Object;)V+41 java.base@18.0.2.1
j  java.util.stream.ReferencePipeline$2$1.accept(Ljava/lang/Object;)V+21 java.base@18.0.2.1
j  java.util.HashMap$ValueSpliterator.forEachRemaining(Ljava/util/function/Consumer;)V+145 java.base@18.0.2.1
j  java.util.stream.AbstractPipeline.copyInto(Ljava/util/stream/Sink;Ljava/util/Spliterator;)V+32 java.base@18.0.2.1
j  java.util.stream.AbstractPipeline.wrapAndCopyInto(Ljava/util/stream/Sink;Ljava/util/Spliterator;)Ljava/util/stream/Sink;+13 java.base@18.0.2.1
j  java.util.stream.ForEachOps$ForEachOp.evaluateSequential(Ljava/util/stream/PipelineHelper;Ljava/util/Spliterator;)Ljava/lang/Void;+3 java.base@18.0.2.1
j  java.util.stream.ForEachOps$ForEachOp$OfRef.evaluateSequential(Ljava/util/stream/PipelineHelper;Ljava/util/Spliterator;)Ljava/lang/Object;+3 java.base@18.0.2.1
j  java.util.stream.AbstractPipeline.evaluate(Ljava/util/stream/TerminalOp;)Ljava/lang/Object;+88 java.base@18.0.2.1
j  java.util.stream.ReferencePipeline.forEach(Ljava/util/function/Consumer;)V+6 java.base@18.0.2.1
j  java.lang.management.ManagementFactory.getPlatformMBeanServer()Ljavax/management/MBeanServer;+68 java.management@18.0.2.1
j  sun.management.jmxremote.ConnectorBootstrap.startLocalConnectorServer()Ljavax/management/remote/JMXConnectorServer;+88 jdk.management.agent@18.0.2.1
j  jdk.internal.agent.Agent.startLocalManagementAgent()V+13 jdk.management.agent@18.0.2.1
j  jdk.internal.agent.Agent.startAgent(Ljava/util/Properties;)V+58 jdk.management.agent@18.0.2.1
j  jdk.internal.agent.Agent.startAgent()V+20 jdk.management.agent@18.0.2.1
v  ~StubRoutines::call_stub

---------------  P R O C E S S  ---------------

Threads class SMR info:
_java_thread_list=0x000001fba264dc80, length=14, elements={
0x000001fb88618d00, 0x000001fb9e232480, 0x000001fb9e2330e0, 0x000001fb9e24a4d0,
0x000001fb9e24b130, 0x000001fb9e24cae0, 0x000001fb9e24d5c0, 0x000001fb9e24df60,
0x000001fb9e250360, 0x000001fb886ce860, 0x000001fba252ce80, 0x000001fba252f780,
0x000001fba27a61a0, 0x000001fba27a6660
}

Java Threads: ( => current thread )
=>0x000001fb88618d00 JavaThread "main" [_thread_in_vm, id=3528, stack(0x0000009887700000,0x0000009887800000)]
  0x000001fb9e232480 JavaThread "Reference Handler" daemon [_thread_blocked, id=15256, stack(0x0000009887e00000,0x0000009887f00000)]
  0x000001fb9e2330e0 JavaThread "Finalizer" daemon [_thread_blocked, id=5368, stack(0x0000009887f00000,0x0000009888000000)]
  0x000001fb9e24a4d0 JavaThread "Signal Dispatcher" daemon [_thread_blocked, id=17032, stack(0x0000009888000000,0x0000009888100000)]
  0x000001fb9e24b130 JavaThread "Attach Listener" daemon [_thread_blocked, id=17080, stack(0x0000009888100000,0x0000009888200000)]
  0x000001fb9e24cae0 JavaThread "Service Thread" daemon [_thread_blocked, id=2748, stack(0x0000009888200000,0x0000009888300000)]
  0x000001fb9e24d5c0 JavaThread "Monitor Deflation Thread" daemon [_thread_blocked, id=17248, stack(0x0000009888300000,0x0000009888400000)]
  0x000001fb9e24df60 JavaThread "C1 CompilerThread0" daemon [_thread_blocked, id=6048, stack(0x0000009888400000,0x0000009888500000)]
  0x000001fb9e250360 JavaThread "Sweeper thread" daemon [_thread_blocked, id=14684, stack(0x0000009888500000,0x0000009888600000)]
  0x000001fb886ce860 JavaThread "Common-Cleaner" daemon [_thread_blocked, id=18744, stack(0x0000009888600000,0x0000009888700000)]
  0x000001fba252ce80 JavaThread "C1 CompilerThread1" daemon [_thread_blocked, id=5936, stack(0x0000009888700000,0x0000009888800000)]
  0x000001fba252f780 JavaThread "C1 CompilerThread2" daemon [_thread_blocked, id=17440, stack(0x0000009888800000,0x0000009888900000)]
  0x000001fba27a61a0 JavaThread "Monitor Ctrl-Break" daemon [_thread_in_native, id=8452, stack(0x0000009888900000,0x0000009888a00000)]
  0x000001fba27a6660 JavaThread "Notification Thread" daemon [_thread_blocked, id=15728, stack(0x0000009888a00000,0x0000009888b00000)]

Other Threads:
  0x000001fb886de3e0 VMThread "VM Thread" [stack: 0x0000009887d00000,0x0000009887e00000] [id=6456]
  0x000001fb88674470 WorkerThread "GC Thread#0" [stack: 0x0000009887800000,0x0000009887900000] [id=11440]
  0x000001fb886821b0 ConcurrentGCThread "G1 Main Marker" [stack: 0x0000009887900000,0x0000009887a00000] [id=13844]
  0x000001fb88683340 WorkerThread "G1 Conc#0" [stack: 0x0000009887a00000,0x0000009887b00000] [id=3104]
  0x000001fb886b65c0 ConcurrentGCThread "G1 Refine#0" [stack: 0x0000009887b00000,0x0000009887c00000] [id=2372]
  0x000001fb886b7ee0 ConcurrentGCThread "G1 Service" [stack: 0x0000009887c00000,0x0000009887d00000] [id=19140]

Threads with active compile tasks:

VM state: not at safepoint (normal execution)

VM Mutex/Monitor currently owned by a thread:  ([mutex/lock_event])
[0x000001fb88613040] Metaspace_lock - owner thread: 0x000001fb88618d00

Heap address: 0x0000000742000000, size: 3040 MB, Compressed Oops mode: Zero based, Oop shift amount: 3

CDS archive(s) mapped at: [0x0000000800000000-0x0000000800ba0000-0x0000000800ba0000), size 12189696, SharedBaseAddress: 0x0000000800000000, ArchiveRelocationMode: 0.
Compressed class space mapped at: 0x0000000800c00000-0x0000000840c00000, reserved size: 1073741824
Narrow klass base: 0x0000000800000000, Narrow klass shift: 0, Narrow klass range: 0x100000000

GC Precious Log:
 CardTable entry size: 512
 Card Set container configuration: InlinePtr #cards 4 size 8 Array Of Cards #cards 16 size 48 Howl #buckets 8 coarsen threshold 3686 Howl Bitmap #cards 512 size 80 coarsen threshold 460 Card regions per heap region 1 cards per card region 4096
 CPUs: 4 total, 4 available
 Memory: 12152M
 Large Page Support: Disabled
 NUMA Support: Disabled
 Compressed Oops: Enabled (Zero based)
 Heap Region Size: 2M
 Heap Min Capacity: 8M
 Heap Initial Capacity: 190M
 Heap Max Capacity: 3040M
 Pre-touch: Disabled
 Parallel Workers: 4
 Concurrent Workers: 1
 Concurrent Refinement Workers: 4
 Periodic GC: Disabled

Heap:
 garbage-first heap   total 194560K, used 4096K [0x0000000742000000, 0x0000000800000000)
  region size 2048K, 3 young (6144K), 0 survivors (0K)
 Metaspace       used 1527K, committed 1664K, reserved 1114112K
  class space    used 158K, committed 256K, reserved 1048576K

Heap Regions: E=young(eden), S=young(survivor), O=old, HS=humongous(starts), HC=humongous(continues), CS=collection set, F=free, OA=open archive, CA=closed archive, TAMS=top-at-mark-start (previous, next)
|   0|0x0000000742000000, 0x0000000742000000, 0x0000000742200000|  0%| F|  |TAMS 0x0000000742000000, 0x0000000742000000| Untracked 
|   1|0x0000000742200000, 0x0000000742200000, 0x0000000742400000|  0%| F|  |TAMS 0x0000000742200000, 0x0000000742200000| Untracked 
|   2|0x0000000742400000, 0x0000000742400000, 0x0000000742600000|  0%| F|  |TAMS 0x0000000742400000, 0x0000000742400000| Untracked 
|   3|0x0000000742600000, 0x0000000742600000, 0x0000000742800000|  0%| F|  |TAMS 0x0000000742600000, 0x0000000742600000| Untracked 
|   4|0x0000000742800000, 0x0000000742800000, 0x0000000742a00000|  0%| F|  |TAMS 0x0000000742800000, 0x0000000742800000| Untracked 
|   5|0x0000000742a00000, 0x0000000742a00000, 0x0000000742c00000|  0%| F|  |TAMS 0x0000000742a00000, 0x0000000742a00000| Untracked 
|   6|0x0000000742c00000, 0x0000000742c00000, 0x0000000742e00000|  0%| F|  |TAMS 0x0000000742c00000, 0x0000000742c00000| Untracked 
|   7|0x0000000742e00000, 0x0000000742e00000, 0x0000000743000000|  0%| F|  |TAMS 0x0000000742e00000, 0x0000000742e00000| Untracked 
|   8|0x0000000743000000, 0x0000000743000000, 0x0000000743200000|  0%| F|  |TAMS 0x0000000743000000, 0x0000000743000000| Untracked 
|   9|0x0000000743200000, 0x0000000743200000, 0x0000000743400000|  0%| F|  |TAMS 0x0000000743200000, 0x0000000743200000| Untracked 
|  10|0x0000000743400000, 0x0000000743400000, 0x0000000743600000|  0%| F|  |TAMS 0x0000000743400000, 0x0000000743400000| Untracked 
|  11|0x0000000743600000, 0x0000000743600000, 0x0000000743800000|  0%| F|  |TAMS 0x0000000743600000, 0x0000000743600000| Untracked 
|  12|0x0000000743800000, 0x0000000743800000, 0x0000000743a00000|  0%| F|  |TAMS 0x0000000743800000, 0x0000000743800000| Untracked 
|  13|0x0000000743a00000, 0x0000000743a00000, 0x0000000743c00000|  0%| F|  |TAMS 0x0000000743a00000, 0x0000000743a00000| Untracked 
|  14|0x0000000743c00000, 0x0000000743c00000, 0x0000000743e00000|  0%| F|  |TAMS 0x0000000743c00000, 0x0000000743c00000| Untracked 
|  15|0x0000000743e00000, 0x0000000743e00000, 0x0000000744000000|  0%| F|  |TAMS 0x0000000743e00000, 0x0000000743e00000| Untracked 
|  16|0x0000000744000000, 0x0000000744000000, 0x0000000744200000|  0%| F|  |TAMS 0x0000000744000000, 0x0000000744000000| Untracked 
|  17|0x0000000744200000, 0x0000000744200000, 0x0000000744400000|  0%| F|  |TAMS 0x0000000744200000, 0x0000000744200000| Untracked 
|  18|0x0000000744400000, 0x0000000744400000, 0x0000000744600000|  0%| F|  |TAMS 0x0000000744400000, 0x0000000744400000| Untracked 
|  19|0x0000000744600000, 0x0000000744600000, 0x0000000744800000|  0%| F|  |TAMS 0x0000000744600000, 0x0000000744600000| Untracked 
|  20|0x0000000744800000, 0x0000000744800000, 0x0000000744a00000|  0%| F|  |TAMS 0x0000000744800000, 0x0000000744800000| Untracked 
|  21|0x0000000744a00000, 0x0000000744a00000, 0x0000000744c00000|  0%| F|  |TAMS 0x0000000744a00000, 0x0000000744a00000| Untracked 
|  22|0x0000000744c00000, 0x0000000744c00000, 0x0000000744e00000|  0%| F|  |TAMS 0x0000000744c00000, 0x0000000744c00000| Untracked 
|  23|0x0000000744e00000, 0x0000000744e00000, 0x0000000745000000|  0%| F|  |TAMS 0x0000000744e00000, 0x0000000744e00000| Untracked 
|  24|0x0000000745000000, 0x0000000745000000, 0x0000000745200000|  0%| F|  |TAMS 0x0000000745000000, 0x0000000745000000| Untracked 
|  25|0x0000000745200000, 0x0000000745200000, 0x0000000745400000|  0%| F|  |TAMS 0x0000000745200000, 0x0000000745200000| Untracked 
|  26|0x0000000745400000, 0x0000000745400000, 0x0000000745600000|  0%| F|  |TAMS 0x0000000745400000, 0x0000000745400000| Untracked 
|  27|0x0000000745600000, 0x0000000745600000, 0x0000000745800000|  0%| F|  |TAMS 0x0000000745600000, 0x0000000745600000| Untracked 
|  28|0x0000000745800000, 0x0000000745800000, 0x0000000745a00000|  0%| F|  |TAMS 0x0000000745800000, 0x0000000745800000| Untracked 
|  29|0x0000000745a00000, 0x0000000745a00000, 0x0000000745c00000|  0%| F|  |TAMS 0x0000000745a00000, 0x0000000745a00000| Untracked 
|  30|0x0000000745c00000, 0x0000000745c00000, 0x0000000745e00000|  0%| F|  |TAMS 0x0000000745c00000, 0x0000000745c00000| Untracked 
|  31|0x0000000745e00000, 0x0000000745e00000, 0x0000000746000000|  0%| F|  |TAMS 0x0000000745e00000, 0x0000000745e00000| Untracked 
|  32|0x0000000746000000, 0x0000000746000000, 0x0000000746200000|  0%| F|  |TAMS 0x0000000746000000, 0x0000000746000000| Untracked 
|  33|0x0000000746200000, 0x0000000746200000, 0x0000000746400000|  0%| F|  |TAMS 0x0000000746200000, 0x0000000746200000| Untracked 
|  34|0x0000000746400000, 0x0000000746400000, 0x0000000746600000|  0%| F|  |TAMS 0x0000000746400000, 0x0000000746400000| Untracked 
|  35|0x0000000746600000, 0x0000000746600000, 0x0000000746800000|  0%| F|  |TAMS 0x0000000746600000, 0x0000000746600000| Untracked 
|  36|0x0000000746800000, 0x0000000746800000, 0x0000000746a00000|  0%| F|  |TAMS 0x0000000746800000, 0x0000000746800000| Untracked 
|  37|0x0000000746a00000, 0x0000000746a00000, 0x0000000746c00000|  0%| F|  |TAMS 0x0000000746a00000, 0x0000000746a00000| Untracked 
|  38|0x0000000746c00000, 0x0000000746c00000, 0x0000000746e00000|  0%| F|  |TAMS 0x0000000746c00000, 0x0000000746c00000| Untracked 
|  39|0x0000000746e00000, 0x0000000746e00000, 0x0000000747000000|  0%| F|  |TAMS 0x0000000746e00000, 0x0000000746e00000| Untracked 
|  40|0x0000000747000000, 0x0000000747000000, 0x0000000747200000|  0%| F|  |TAMS 0x0000000747000000, 0x0000000747000000| Untracked 
|  41|0x0000000747200000, 0x0000000747200000, 0x0000000747400000|  0%| F|  |TAMS 0x0000000747200000, 0x0000000747200000| Untracked 
|  42|0x0000000747400000, 0x0000000747400000, 0x0000000747600000|  0%| F|  |TAMS 0x0000000747400000, 0x0000000747400000| Untracked 
|  43|0x0000000747600000, 0x0000000747600000, 0x0000000747800000|  0%| F|  |TAMS 0x0000000747600000, 0x0000000747600000| Untracked 
|  44|0x0000000747800000, 0x0000000747800000, 0x0000000747a00000|  0%| F|  |TAMS 0x0000000747800000, 0x0000000747800000| Untracked 
|  45|0x0000000747a00000, 0x0000000747a00000, 0x0000000747c00000|  0%| F|  |TAMS 0x0000000747a00000, 0x0000000747a00000| Untracked 
|  46|0x0000000747c00000, 0x0000000747c00000, 0x0000000747e00000|  0%| F|  |TAMS 0x0000000747c00000, 0x0000000747c00000| Untracked 
|  47|0x0000000747e00000, 0x0000000747e00000, 0x0000000748000000|  0%| F|  |TAMS 0x0000000747e00000, 0x0000000747e00000| Untracked 
|  48|0x0000000748000000, 0x0000000748000000, 0x0000000748200000|  0%| F|  |TAMS 0x0000000748000000, 0x0000000748000000| Untracked 
|  49|0x0000000748200000, 0x0000000748200000, 0x0000000748400000|  0%| F|  |TAMS 0x0000000748200000, 0x0000000748200000| Untracked 
|  50|0x0000000748400000, 0x0000000748400000, 0x0000000748600000|  0%| F|  |TAMS 0x0000000748400000, 0x0000000748400000| Untracked 
|  51|0x0000000748600000, 0x0000000748600000, 0x0000000748800000|  0%| F|  |TAMS 0x0000000748600000, 0x0000000748600000| Untracked 
|  52|0x0000000748800000, 0x0000000748800000, 0x0000000748a00000|  0%| F|  |TAMS 0x0000000748800000, 0x0000000748800000| Untracked 
|  53|0x0000000748a00000, 0x0000000748a00000, 0x0000000748c00000|  0%| F|  |TAMS 0x0000000748a00000, 0x0000000748a00000| Untracked 
|  54|0x0000000748c00000, 0x0000000748c00000, 0x0000000748e00000|  0%| F|  |TAMS 0x0000000748c00000, 0x0000000748c00000| Untracked 
|  55|0x0000000748e00000, 0x0000000748e00000, 0x0000000749000000|  0%| F|  |TAMS 0x0000000748e00000, 0x0000000748e00000| Untracked 
|  56|0x0000000749000000, 0x0000000749000000, 0x0000000749200000|  0%| F|  |TAMS 0x0000000749000000, 0x0000000749000000| Untracked 
|  57|0x0000000749200000, 0x0000000749200000, 0x0000000749400000|  0%| F|  |TAMS 0x0000000749200000, 0x0000000749200000| Untracked 
|  58|0x0000000749400000, 0x0000000749400000, 0x0000000749600000|  0%| F|  |TAMS 0x0000000749400000, 0x0000000749400000| Untracked 
|  59|0x0000000749600000, 0x0000000749600000, 0x0000000749800000|  0%| F|  |TAMS 0x0000000749600000, 0x0000000749600000| Untracked 
|  60|0x0000000749800000, 0x0000000749800000, 0x0000000749a00000|  0%| F|  |TAMS 0x0000000749800000, 0x0000000749800000| Untracked 
|  61|0x0000000749a00000, 0x0000000749a00000, 0x0000000749c00000|  0%| F|  |TAMS 0x0000000749a00000, 0x0000000749a00000| Untracked 
|  62|0x0000000749c00000, 0x0000000749c00000, 0x0000000749e00000|  0%| F|  |TAMS 0x0000000749c00000, 0x0000000749c00000| Untracked 
|  63|0x0000000749e00000, 0x0000000749e00000, 0x000000074a000000|  0%| F|  |TAMS 0x0000000749e00000, 0x0000000749e00000| Untracked 
|  64|0x000000074a000000, 0x000000074a000000, 0x000000074a200000|  0%| F|  |TAMS 0x000000074a000000, 0x000000074a000000| Untracked 
|  65|0x000000074a200000, 0x000000074a200000, 0x000000074a400000|  0%| F|  |TAMS 0x000000074a200000, 0x000000074a200000| Untracked 
|  66|0x000000074a400000, 0x000000074a400000, 0x000000074a600000|  0%| F|  |TAMS 0x000000074a400000, 0x000000074a400000| Untracked 
|  67|0x000000074a600000, 0x000000074a600000, 0x000000074a800000|  0%| F|  |TAMS 0x000000074a600000, 0x000000074a600000| Untracked 
|  68|0x000000074a800000, 0x000000074a800000, 0x000000074aa00000|  0%| F|  |TAMS 0x000000074a800000, 0x000000074a800000| Untracked 
|  69|0x000000074aa00000, 0x000000074aa00000, 0x000000074ac00000|  0%| F|  |TAMS 0x000000074aa00000, 0x000000074aa00000| Untracked 
|  70|0x000000074ac00000, 0x000000074ac00000, 0x000000074ae00000|  0%| F|  |TAMS 0x000000074ac00000, 0x000000074ac00000| Untracked 
|  71|0x000000074ae00000, 0x000000074ae00000, 0x000000074b000000|  0%| F|  |TAMS 0x000000074ae00000, 0x000000074ae00000| Untracked 
|  72|0x000000074b000000, 0x000000074b000000, 0x000000074b200000|  0%| F|  |TAMS 0x000000074b000000, 0x000000074b000000| Untracked 
|  73|0x000000074b200000, 0x000000074b200000, 0x000000074b400000|  0%| F|  |TAMS 0x000000074b200000, 0x000000074b200000| Untracked 
|  74|0x000000074b400000, 0x000000074b400000, 0x000000074b600000|  0%| F|  |TAMS 0x000000074b400000, 0x000000074b400000| Untracked 
|  75|0x000000074b600000, 0x000000074b600000, 0x000000074b800000|  0%| F|  |TAMS 0x000000074b600000, 0x000000074b600000| Untracked 
|  76|0x000000074b800000, 0x000000074b800000, 0x000000074ba00000|  0%| F|  |TAMS 0x000000074b800000, 0x000000074b800000| Untracked 
|  77|0x000000074ba00000, 0x000000074ba00000, 0x000000074bc00000|  0%| F|  |TAMS 0x000000074ba00000, 0x000000074ba00000| Untracked 
|  78|0x000000074bc00000, 0x000000074bc00000, 0x000000074be00000|  0%| F|  |TAMS 0x000000074bc00000, 0x000000074bc00000| Untracked 
|  79|0x000000074be00000, 0x000000074be00000, 0x000000074c000000|  0%| F|  |TAMS 0x000000074be00000, 0x000000074be00000| Untracked 
|  80|0x000000074c000000, 0x000000074c000000, 0x000000074c200000|  0%| F|  |TAMS 0x000000074c000000, 0x000000074c000000| Untracked 
|  81|0x000000074c200000, 0x000000074c200000, 0x000000074c400000|  0%| F|  |TAMS 0x000000074c200000, 0x000000074c200000| Untracked 
|  82|0x000000074c400000, 0x000000074c400000, 0x000000074c600000|  0%| F|  |TAMS 0x000000074c400000, 0x000000074c400000| Untracked 
|  83|0x000000074c600000, 0x000000074c600000, 0x000000074c800000|  0%| F|  |TAMS 0x000000074c600000, 0x000000074c600000| Untracked 
|  84|0x000000074c800000, 0x000000074c800000, 0x000000074ca00000|  0%| F|  |TAMS 0x000000074c800000, 0x000000074c800000| Untracked 
|  85|0x000000074ca00000, 0x000000074ca00000, 0x000000074cc00000|  0%| F|  |TAMS 0x000000074ca00000, 0x000000074ca00000| Untracked 
|  86|0x000000074cc00000, 0x000000074cc00000, 0x000000074ce00000|  0%| F|  |TAMS 0x000000074cc00000, 0x000000074cc00000| Untracked 
|  87|0x000000074ce00000, 0x000000074ce00000, 0x000000074d000000|  0%| F|  |TAMS 0x000000074ce00000, 0x000000074ce00000| Untracked 
|  88|0x000000074d000000, 0x000000074d000000, 0x000000074d200000|  0%| F|  |TAMS 0x000000074d000000, 0x000000074d000000| Untracked 
|  89|0x000000074d200000, 0x000000074d200000, 0x000000074d400000|  0%| F|  |TAMS 0x000000074d200000, 0x000000074d200000| Untracked 
|  90|0x000000074d400000, 0x000000074d400000, 0x000000074d600000|  0%| F|  |TAMS 0x000000074d400000, 0x000000074d400000| Untracked 
|  91|0x000000074d600000, 0x000000074d600000, 0x000000074d800000|  0%| F|  |TAMS 0x000000074d600000, 0x000000074d600000| Untracked 
|  92|0x000000074d800000, 0x000000074d96cba0, 0x000000074da00000| 71%| E|  |TAMS 0x000000074d800000, 0x000000074d800000| Complete 
|  93|0x000000074da00000, 0x000000074dc00000, 0x000000074dc00000|100%| E|CS|TAMS 0x000000074da00000, 0x000000074da00000| Complete 
|  94|0x000000074dc00000, 0x000000074de00000, 0x000000074de00000|100%| E|CS|TAMS 0x000000074dc00000, 0x000000074dc00000| Complete 

Card table byte_map: [0x000001fb951e0000,0x000001fb957d0000] _byte_map_base: 0x000001fb917d0000

Marking Bits (Prev, Next): (CMBitMap*) 0x000001fb88675a80, (CMBitMap*) 0x000001fb88675ac0
 Prev Bits: [0x000001fb95dc0000, 0x000001fb98d40000)
 Next Bits: [0x000001fb98d40000, 0x000001fb9bcc0000)

Polling page: 0x000001fb884b0000

Metaspace:

Usage:
  Non-class:      1.34 MB used.
      Class:    158.48 KB used.
       Both:      1.49 MB used.

Virtual space:
  Non-class space:       64.00 MB reserved,       1.38 MB (  2%) committed,  1 nodes.
      Class space:        1.00 GB reserved,     256.00 KB ( <1%) committed,  1 nodes.
             Both:        1.06 GB reserved,       1.62 MB ( <1%) committed. 

Chunk freelists:
   Non-Class:  3.96 MB
       Class:  3.73 MB
        Both:  7.70 MB

MaxMetaspaceSize: unlimited
CompressedClassSpaceSize: 1.00 GB
Initial GC threshold: 21.00 MB
Current GC threshold: 21.00 MB
CDS: on
MetaspaceReclaimPolicy: balanced
 - commit_granule_bytes: 65536.
 - commit_granule_words: 8192.
 - virtual_space_node_default_size: 8388608.
 - enlarge_chunks_in_place: 1.
 - new_chunks_are_fully_committed: 0.
 - uncommit_free_chunks: 1.
 - use_allocation_guard: 0.


Internal statistics:

num_allocs_failed_limit: 0.
num_arena_births: 30.
num_arena_deaths: 0.
num_vsnodes_births: 2.
num_vsnodes_deaths: 0.
num_space_committed: 26.
num_space_uncommitted: 0.
num_chunks_returned_to_freelist: 0.
num_chunks_taken_from_freelist: 34.
num_chunk_merges: 0.
num_chunk_splits: 22.
num_chunks_enlarged: 13.
num_inconsistent_stats: 0.

CodeCache: size=49152Kb used=2665Kb max_used=2665Kb free=46486Kb
 bounds [0x000001fb91740000, 0x000001fb919e0000, 0x000001fb94740000]
 total_blobs=746 nmethods=341 adapters=331
 compilation: enabled
              stopped_count=0, restarted_count=0
 full_count=0

Compilation events (20 events):
Event: 0.416 Thread 0x000001fba252ce80  329       1       java.util.concurrent.ConcurrentHashMap$ValueIterator::next (34 bytes)
Event: 0.416 Thread 0x000001fba252ce80 nmethod 329 0x000001fb919d6d10 code [0x000001fb919d6ec0, 0x000001fb919d7078]
Event: 0.418 Thread 0x000001fba252f780  330       1       java.lang.invoke.MemberName::isStatic (8 bytes)
Event: 0.418 Thread 0x000001fba252f780 nmethod 330 0x000001fb919d7490 code [0x000001fb919d7620, 0x000001fb919d76f8]
Event: 0.418 Thread 0x000001fba252f780  332       1       sun.invoke.util.Wrapper::basicTypeChar (5 bytes)
Event: 0.418 Thread 0x000001fba252f780 nmethod 332 0x000001fb919d7790 code [0x000001fb919d7920, 0x000001fb919d79f8]
Event: 0.418 Thread 0x000001fba252f780  333       1       jdk.internal.org.objectweb.asm.ByteVector::put12 (64 bytes)
Event: 0.419 Thread 0x000001fba252ce80  334       1       java.util.ArrayList::get (15 bytes)
Event: 0.419 Thread 0x000001fb9e24df60  335       1       java.util.ArrayList::elementData (7 bytes)
Event: 0.419 Thread 0x000001fba252f780 nmethod 333 0x000001fb919d7a90 code [0x000001fb919d7c20, 0x000001fb919d7dc8]
Event: 0.419 Thread 0x000001fb9e24df60 nmethod 335 0x000001fb919d7f10 code [0x000001fb919d80a0, 0x000001fb919d8198]
Event: 0.419 Thread 0x000001fba252ce80 nmethod 334 0x000001fb919d8290 code [0x000001fb919d8420, 0x000001fb919d8558]
Event: 0.420 Thread 0x000001fba252ce80  336       1       jdk.internal.misc.Unsafe::allocateUninitializedArray (55 bytes)
Event: 0.420 Thread 0x000001fba252f780  337       1       jdk.internal.misc.Unsafe::allocateUninitializedArray0 (90 bytes)
Event: 0.420 Thread 0x000001fba252ce80 nmethod 336 0x000001fb919d8690 code [0x000001fb919d8860, 0x000001fb919d8b58]
Event: 0.420 Thread 0x000001fba252f780 nmethod 337 0x000001fb919d8c90 code [0x000001fb919d8e80, 0x000001fb919d9618]
Event: 0.420 Thread 0x000001fb9e24df60  338       1       java.lang.String::startsWith (7 bytes)
Event: 0.420 Thread 0x000001fb9e24df60 nmethod 338 0x000001fb919d9710 code [0x000001fb919d98a0, 0x000001fb919d9988]
Event: 0.421 Thread 0x000001fba252f780  339   !   1       java.lang.invoke.MemberName::clone (14 bytes)
Event: 0.421 Thread 0x000001fba252f780 nmethod 339 0x000001fb919d9a10 code [0x000001fb919d9bc0, 0x000001fb919d9d78]

GC Heap History (0 events):
No events

Deoptimization events (0 events):
No events

Classes loaded (20 events):
Event: 0.421 Loading class sun/management/RuntimeImpl done
Event: 0.421 Loading class java/util/Collections$2
Event: 0.421 Loading class java/util/Collections$2 done
Event: 0.422 Loading class javax/management/StandardMBean
Event: 0.422 Loading class javax/management/StandardMBean done
Event: 0.422 Loading class javax/management/JMX
Event: 0.422 Loading class javax/management/JMX done
Event: 0.422 Loading class com/sun/jmx/mbeanserver/DescriptorCache
Event: 0.422 Loading class com/sun/jmx/mbeanserver/DescriptorCache done
Event: 0.422 Loading class com/sun/jmx/mbeanserver/MXBeanSupport
Event: 0.422 Loading class com/sun/jmx/mbeanserver/MBeanSupport
Event: 0.423 Loading class com/sun/jmx/mbeanserver/MBeanSupport done
Event: 0.423 Loading class com/sun/jmx/mbeanserver/MXBeanSupport done
Event: 0.423 Loading class javax/management/MXBean
Event: 0.423 Loading class javax/management/MXBean done
Event: 0.423 Loading class java/lang/Class$AnnotationData
Event: 0.423 Loading class java/lang/Class$AnnotationData done
Event: 0.423 Loading class sun/reflect/misc/ReflectUtil
Event: 0.424 Loading class sun/reflect/misc/ReflectUtil done
Event: 0.424 Loading class com/sun/jmx/mbeanserver/MXBeanIntrospector

Classes unloaded (0 events):
No events

Classes redefined (0 events):
No events

Internal exceptions (6 events):
Event: 0.349 Thread 0x000001fb88618d00 Exception <a 'java/lang/NoSuchMethodError'{0x000000074d849538}: 'void java.lang.invoke.DirectMethodHandle$Holder.invokeStatic(java.lang.Object, java.lang.Object, java.lang.Object)'> (0x000000074d849538) 
thrown [s\open\src\hotspot\share\interpreter\linkResolver.cpp, line 759]
Event: 0.357 Thread 0x000001fb88618d00 Exception <a 'java/lang/NoSuchMethodError'{0x000000074d87fee8}: 'java.lang.Object java.lang.invoke.Invokers$Holder.invokeExact_MT(java.lang.Object, java.lang.Object, java.lang.Object, java.lang.Object, java.lang.Object)'> (0x000000074d87fee8) 
thrown [s\open\src\hotspot\share\interpreter\linkResolver.cpp, line 759]
Event: 0.374 Thread 0x000001fba27a61a0 Exception <a 'java/lang/NoSuchMethodError'{0x000000074d8f8570}: 'void java.lang.invoke.DirectMethodHandle$Holder.invokeStatic(java.lang.Object, java.lang.Object)'> (0x000000074d8f8570) 
thrown [s\open\src\hotspot\share\interpreter\linkResolver.cpp, line 759]
Event: 0.397 Thread 0x000001fb88618d00 Exception <a 'java/lang/NoSuchMethodError'{0x000000074d8b3ba0}: 'java.lang.Object java.lang.invoke.DirectMethodHandle$Holder.invokeStaticInit(java.lang.Object)'> (0x000000074d8b3ba0) 
thrown [s\open\src\hotspot\share\interpreter\linkResolver.cpp, line 759]
Event: 0.418 Thread 0x000001fb88618d00 Exception <a 'java/lang/NoSuchMethodError'{0x000000074d944c28}: 'int java.lang.invoke.DirectMethodHandle$Holder.invokeInterface(java.lang.Object, java.lang.Object)'> (0x000000074d944c28) 
thrown [s\open\src\hotspot\share\interpreter\linkResolver.cpp, line 759]
Event: 0.419 Thread 0x000001fb88618d00 Exception <a 'java/lang/IncompatibleClassChangeError'{0x000000074d948220}: Found class java.lang.Object, but interface was expected> (0x000000074d948220) 
thrown [s\open\src\hotspot\share\interpreter\linkResolver.cpp, line 826]

VM Operations (4 events):
Event: 0.236 Executing VM operation: HandshakeAllThreads
Event: 0.236 Executing VM operation: HandshakeAllThreads done
Event: 0.366 Executing VM operation: HandshakeAllThreads
Event: 0.366 Executing VM operation: HandshakeAllThreads done

Events (20 events):
Event: 0.067 Thread 0x000001fb9e24a4d0 Thread added: 0x000001fb9e24a4d0
Event: 0.067 Thread 0x000001fb9e24b130 Thread added: 0x000001fb9e24b130
Event: 0.067 Thread 0x000001fb9e24cae0 Thread added: 0x000001fb9e24cae0
Event: 0.067 Thread 0x000001fb9e24d5c0 Thread added: 0x000001fb9e24d5c0
Event: 0.067 Thread 0x000001fb9e24df60 Thread added: 0x000001fb9e24df60
Event: 0.067 Thread 0x000001fb9e250360 Thread added: 0x000001fb9e250360
Event: 0.219 Thread 0x000001fb886ce860 Thread added: 0x000001fb886ce860
Event: 0.236 Thread 0x000001fba252ce80 Thread added: 0x000001fba252ce80
Event: 0.240 Thread 0x000001fba252f780 Thread added: 0x000001fba252f780
Event: 0.264 Loaded shared library C:\Program Files\Java\jdk-18\bin\zip.dll
Event: 0.268 Loaded shared library C:\Program Files\Java\jdk-18\bin\instrument.dll
Event: 0.276 Loaded shared library C:\Program Files\Java\jdk-18\bin\net.dll
Event: 0.277 Loaded shared library C:\Program Files\Java\jdk-18\bin\nio.dll
Event: 0.281 Loaded shared library C:\Program Files\Java\jdk-18\bin\zip.dll
Event: 0.363 Loaded shared library C:\Program Files\JetBrains\IntelliJ IDEA 2022.2.3\bin\breakgen64.dll
Event: 0.364 Thread 0x000001fba27a61a0 Thread added: 0x000001fba27a61a0
Event: 0.364 Thread 0x000001fba27a6660 Thread added: 0x000001fba27a6660
Event: 0.369 Loaded shared library C:\Program Files\Java\jdk-18\bin\jimage.dll
Event: 0.399 Loaded shared library C:\Program Files\Java\jdk-18\bin\management.dll
Event: 0.413 Loaded shared library C:\Program Files\Java\jdk-18\bin\management_ext.dll


Dynamic libraries:
0x00007ff724e40000 - 0x00007ff724e50000 	C:\Program Files\Java\jdk-18\bin\java.exe
0x00007ffa04410000 - 0x00007ffa04608000 	C:\WINDOWS\SYSTEM32\ntdll.dll
0x00007ffa025a0000 - 0x00007ffa0265f000 	C:\WINDOWS\System32\KERNEL32.DLL
0x00007ffa01fe0000 - 0x00007ffa022d6000 	C:\WINDOWS\System32\KERNELBASE.dll
0x00007ffa01e10000 - 0x00007ffa01f10000 	C:\WINDOWS\System32\ucrtbase.dll
0x00007ff9d7dd0000 - 0x00007ff9d7dea000 	C:\Program Files\Java\jdk-18\bin\VCRUNTIME140.dll
0x00007ff9d46c0000 - 0x00007ff9d46d8000 	C:\Program Files\Java\jdk-18\bin\jli.dll
0x00007ffa02810000 - 0x00007ffa028bf000 	C:\WINDOWS\System32\ADVAPI32.dll
0x00007ffa02660000 - 0x00007ffa026fe000 	C:\WINDOWS\System32\msvcrt.dll
0x00007ffa03130000 - 0x00007ffa031cc000 	C:\WINDOWS\System32\sechost.dll
0x00007ffa03780000 - 0x00007ffa038a6000 	C:\WINDOWS\System32\RPCRT4.dll
0x00007ffa02f20000 - 0x00007ffa030bd000 	C:\WINDOWS\System32\USER32.dll
0x00007ffa02440000 - 0x00007ffa02462000 	C:\WINDOWS\System32\win32u.dll
0x00007ffa038b0000 - 0x00007ffa038dc000 	C:\WINDOWS\System32\GDI32.dll
0x00007ffa01b80000 - 0x00007ffa01c95000 	C:\WINDOWS\System32\gdi32full.dll
0x00007ffa01f40000 - 0x00007ffa01fdd000 	C:\WINDOWS\System32\msvcp_win.dll
0x00007ff9f5d80000 - 0x00007ff9f601a000 	C:\WINDOWS\WinSxS\amd64_microsoft.windows.common-controls_6595b64144ccf1df_6.0.19041.1110_none_60b5254171f9507e\COMCTL32.dll
0x00007ff9fc810000 - 0x00007ff9fc81a000 	C:\WINDOWS\SYSTEM32\VERSION.dll
0x00007ffa038e0000 - 0x00007ffa03910000 	C:\WINDOWS\System32\IMM32.DLL
0x00007ff9d7800000 - 0x00007ff9d780c000 	C:\Program Files\Java\jdk-18\bin\vcruntime140_1.dll
0x00007ff9c6f40000 - 0x00007ff9c6fcd000 	C:\Program Files\Java\jdk-18\bin\msvcp140.dll
0x00007ff99f710000 - 0x00007ff9a0321000 	C:\Program Files\Java\jdk-18\bin\server\jvm.dll
0x00007ffa02590000 - 0x00007ffa02598000 	C:\WINDOWS\System32\PSAPI.DLL
0x00007ff9f4760000 - 0x00007ff9f4769000 	C:\WINDOWS\SYSTEM32\WSOCK32.dll
0x00007ff9e7fd0000 - 0x00007ff9e7ff7000 	C:\WINDOWS\SYSTEM32\WINMM.dll
0x00007ffa02b50000 - 0x00007ffa02bbb000 	C:\WINDOWS\System32\WS2_32.dll
0x00007ffa00330000 - 0x00007ffa00342000 	C:\WINDOWS\SYSTEM32\kernel.appcore.dll
0x00007ff9d75a0000 - 0x00007ff9d75aa000 	C:\Program Files\Java\jdk-18\bin\jimage.dll
0x00007ff9ffff0000 - 0x00007ffa001d4000 	C:\WINDOWS\SYSTEM32\DBGHELP.DLL
0x00007ff9f1790000 - 0x00007ff9f17c4000 	C:\WINDOWS\SYSTEM32\dbgcore.DLL
0x00007ffa01af0000 - 0x00007ffa01b72000 	C:\WINDOWS\System32\bcryptPrimitives.dll
0x00007ff9fcf60000 - 0x00007ff9fcf6e000 	C:\Program Files\Java\jdk-18\bin\instrument.dll
0x00007ff9d02d0000 - 0x00007ff9d02f5000 	C:\Program Files\Java\jdk-18\bin\java.dll
0x00007ff9c29f0000 - 0x00007ff9c2ac6000 	C:\Program Files\Java\jdk-18\bin\jsvml.dll
0x00007ffa03bf0000 - 0x00007ffa04334000 	C:\WINDOWS\System32\SHELL32.dll
0x00007ff9ff840000 - 0x00007ff9fffd3000 	C:\WINDOWS\SYSTEM32\windows.storage.dll
0x00007ffa02bc0000 - 0x00007ffa02f14000 	C:\WINDOWS\System32\combase.dll
0x00007ffa01380000 - 0x00007ffa013ae000 	C:\WINDOWS\SYSTEM32\Wldp.dll
0x00007ffa02760000 - 0x00007ffa0280d000 	C:\WINDOWS\System32\SHCORE.dll
0x00007ffa02700000 - 0x00007ffa02755000 	C:\WINDOWS\System32\shlwapi.dll
0x00007ffa01a20000 - 0x00007ffa01a45000 	C:\WINDOWS\SYSTEM32\profapi.dll
0x00007ff9d02b0000 - 0x00007ff9d02c8000 	C:\Program Files\Java\jdk-18\bin\zip.dll
0x00007ff9d1100000 - 0x00007ff9d1113000 	C:\Program Files\Java\jdk-18\bin\net.dll
0x00007ff9fb190000 - 0x00007ff9fb29a000 	C:\WINDOWS\SYSTEM32\WINHTTP.dll
0x00007ffa01160000 - 0x00007ffa011ca000 	C:\WINDOWS\system32\mswsock.dll
0x00007ff9d0d80000 - 0x00007ff9d0d96000 	C:\Program Files\Java\jdk-18\bin\nio.dll
0x00007ff9fa6d0000 - 0x00007ff9fa6ea000 	C:\Program Files\JetBrains\IntelliJ IDEA 2022.2.3\bin\breakgen64.dll
0x00007ffa00eb0000 - 0x00007ffa00f7a000 	C:\WINDOWS\SYSTEM32\DNSAPI.dll
0x00007ffa00e70000 - 0x00007ffa00eab000 	C:\WINDOWS\SYSTEM32\IPHLPAPI.DLL
0x00007ffa030c0000 - 0x00007ffa030c8000 	C:\WINDOWS\System32\NSI.dll
0x00007ff9f84e0000 - 0x00007ff9f84ea000 	C:\Windows\System32\rasadhlp.dll
0x00007ff9f9b90000 - 0x00007ff9f9c12000 	C:\WINDOWS\System32\fwpuclnt.dll
0x00007ffa01f10000 - 0x00007ffa01f37000 	C:\WINDOWS\System32\bcrypt.dll
0x00007ff9fa6c0000 - 0x00007ff9fa6c9000 	C:\Program Files\Java\jdk-18\bin\management.dll
0x00007ff9fa100000 - 0x00007ff9fa10b000 	C:\Program Files\Java\jdk-18\bin\management_ext.dll

dbghelp: loaded successfully - version: 4.0.5 - missing functions: none
symbol engine: initialized successfully - sym options: 0x614 - pdb path: .;C:\Program Files\Java\jdk-18\bin;C:\WINDOWS\SYSTEM32;C:\WINDOWS\WinSxS\amd64_microsoft.windows.common-controls_6595b64144ccf1df_6.0.19041.1110_none_60b5254171f9507e;C:\Program Files\Java\jdk-18\bin\server;C:\Program Files\JetBrains\IntelliJ IDEA 2022.2.3\bin

VM Arguments:
jvm_args: -XX:TieredStopAtLevel=1 -Dspring.output.ansi.enabled=always -Dcom.sun.management.jmxremote -Dspring.jmx.enabled=true -Dspring.liveBeansView.mbeanDomain -Dspring.application.admin.enabled=true -javaagent:C:\Program Files\JetBrains\IntelliJ IDEA 2022.2.3\lib\idea_rt.jar=53609:C:\Program Files\JetBrains\IntelliJ IDEA 2022.2.3\bin -Dfile.encoding=UTF-8 -Dsun.stdout.encoding=UTF-8 -Dsun.stderr.encoding=UTF-8 
java_command: com.example.demo.DemoApplication
java_class_path (initial): E:\demo (2)\demo\target\classes;C:\Users\PC\.m2\repository\org\springframework\boot\spring-boot-starter-web\3.1.3\spring-boot-starter-web-3.1.3.jar;C:\Users\PC\.m2\repository\org\springframework\boot\spring-boot-starter\3.1.3\spring-boot-starter-3.1.3.jar;C:\Users\PC\.m2\repository\org\springframework\boot\spring-boot-starter-logging\3.1.3\spring-boot-starter-logging-3.1.3.jar;C:\Users\PC\.m2\repository\ch\qos\logback\logback-classic\1.4.11\logback-classic-1.4.11.jar;C:\Users\PC\.m2\repository\ch\qos\logback\logback-core\1.4.11\logback-core-1.4.11.jar;C:\Users\PC\.m2\repository\org\apache\logging\log4j\log4j-to-slf4j\2.20.0\log4j-to-slf4j-2.20.0.jar;C:\Users\PC\.m2\repository\org\apache\logging\log4j\log4j-api\2.20.0\log4j-api-2.20.0.jar;C:\Users\PC\.m2\repository\org\slf4j\jul-to-slf4j\2.0.7\jul-to-slf4j-2.0.7.jar;C:\Users\PC\.m2\repository\jakarta\annotation\jakarta.annotation-api\2.1.1\jakarta.annotation-api-2.1.1.jar;C:\Users\PC\.m2\repository\org\yaml\snakeyaml\1.33\snakeyaml-1.33.jar;C:\Users\PC\.m2\repository\org\springframework\boot\spring-boot-starter-json\3.1.3\spring-boot-starter-json-3.1.3.jar;C:\Users\PC\.m2\repository\com\fasterxml\jackson\core\jackson-databind\2.15.2\jackson-databind-2.15.2.jar;C:\Users\PC\.m2\repository\com\fasterxml\jackson\core\jackson-annotations\2.15.2\jackson-annotations-2.15.2.jar;C:\Users\PC\.m2\repository\com\fasterxml\jackson\core\jackson-core\2.15.2\jackson-core-2.15.2.jar;C:\Users\PC\.m2\repository\com\fasterxml\jackson\datatype\jackson-datatype-jdk8\2.15.2\jackson-datatype-jdk8-2.15.2.jar;C:\Users\PC\.m2\repository\com\fasterxml\jackson\datatype\jackson-datatype-jsr310\2.15.2\jackson-datatype-jsr310-2.15.2.jar;C:\Users\PC\.m2\repository\com\fasterxml\jackson\module\jackson-module-parameter-names\2.15.2\jackson-module-parameter-names-2.15.2.jar;C:\Users\PC\.m2\repository\org\springframework\boot\spring-boot-starter-tomcat\3.1.3\spring-boot-starter-tomcat-3.1.3.jar;C:\Users\PC\.m2\repository\org\apache\tomcat\embed\tomcat-embed-websocket\10.1.12\tomcat-embed-websocket-10.1.12.jar;C:\Users\PC\.m2\repository\org\springframework\spring-web\6.0.11\spring-web-6.0.11.jar;C:\Users\PC\.m2\repository\org\springframework\spring-beans\6.0.11\spring-beans-6.0.11.jar;C:\Users\PC\.m2\repository\io\micrometer\micrometer-observation\1.11.3\micrometer-observation-1.11.3.jar;C:\Users\PC\.m2\repository\io\micrometer\micrometer-commons\1.11.3\micrometer-commons-1.11.3.jar;C:\Users\PC\.m2\repository\org\springframework\spring-webmvc\6.0.11\spring-webmvc-6.0.11.jar;C:\Users\PC\.m2\repository\org\springframework\spring-aop\6.0.11\spring-aop-6.0.11.jar;C:\Users\PC\.m2\repository\org\springframework\spring-context\6.0.11\spring-context-6.0.11.jar;C:\Users\PC\.m2\repository\org\springframework\spring-expression\6.0.11\spring-expression-6.0.11.jar;C:\Users\PC\.m2\repository\org\springframework\boot\spring-boot-devtools\3.0.10\spring-boot-devtools-3.0.10.jar;C:\Users\PC\.m2\repository\org\springframework\boot\spring-boot\3.1.3\spring-boot-3.1.3.jar;C:\Users\PC\.m2\repository\org\springframework\boot\spring-boot-autoconfigure\3.1.3\spring-boot-autoconfigure-3.1.3.jar;C:\Users\PC\.m2\repository\org\slf4j\slf4j-api\2.0.7\slf4j-api-2.0.7.jar;C:\Users\PC\.m2\repository\org\springframework\spring-core\6.0.11\spring-core-6.0.11.jar;C:\Users\PC\.m2\repository\org\springframework\spring-jcl\6.0.11\spring-jcl-6.0.11.jar;C:\Users\PC\.m2\repository\org\apache\tomcat\embed\tomcat-embed-jasper\10.1.12\tomcat-embed-jasper-10.1.12.jar;C:\Users\PC\.m2\repository\org\apache\tomcat\embed\tomcat-embed-core\10.1.12\tomcat-embed-core-10.1.12.jar;C:\Users\PC\.m2\repository\org\apache\tomcat\tomcat-annotations-api\10.1.12\tomcat-annotations-api-10.1.12.jar;C:\Users\PC\.m2\repository\org\apache\tomcat\embed\tomcat-embed-el\10.1.12\tomcat-embed-el-10.1.12.jar;C:\Users\PC\.m2\repository\org\eclipse\jdt\ecj\3.33.0\ecj-3.33.0.jar
Launcher Type: SUN_STANDARD

[Global flags]
     intx CICompilerCount                          = 3                                         {product} {ergonomic}
     uint ConcGCThreads                            = 1                                         {product} {ergonomic}
     uint G1ConcRefinementThreads                  = 4                                         {product} {ergonomic}
   size_t G1HeapRegionSize                         = 2097152                                   {product} {ergonomic}
    uintx GCDrainStackTargetSize                   = 64                                        {product} {ergonomic}
   size_t InitialHeapSize                          = 199229440                                 {product} {ergonomic}
     bool ManagementServer                         = true                                      {product} {command line}
   size_t MarkStackSize                            = 4194304                                   {product} {ergonomic}
   size_t MaxHeapSize                              = 3187671040                                {product} {ergonomic}
   size_t MaxNewSize                               = 1912602624                                {product} {ergonomic}
   size_t MinHeapDeltaBytes                        = 2097152                                   {product} {ergonomic}
   size_t MinHeapSize                              = 8388608                                   {product} {ergonomic}
    uintx NonProfiledCodeHeapSize                  = 0                                      {pd product} {ergonomic}
     bool ProfileInterpreter                       = false                                  {pd product} {command line}
    uintx ProfiledCodeHeapSize                     = 0                                      {pd product} {ergonomic}
   size_t SoftMaxHeapSize                          = 3187671040                             {manageable} {ergonomic}
     intx TieredStopAtLevel                        = 1                                         {product} {command line}
     bool UseCompressedClassPointers               = true                           {product lp64_product} {ergonomic}
     bool UseCompressedOops                        = true                           {product lp64_product} {ergonomic}
     bool UseG1GC                                  = true                                      {product} {ergonomic}
     bool UseLargePagesIndividualAllocation        = false                                  {pd product} {ergonomic}

Logging:
Log output configuration:
 #0: stdout all=warning uptime,level,tags foldmultilines=false
 #1: stderr all=off uptime,level,tags foldmultilines=false

Environment Variables:
JAVA_HOME=C:\Program Files\Java\jdk-17.0.5
PATH=C:\Program Files\Python\Scripts\;C:\Program Files\Python\;C:\Program Files (x86)\VMware\VMware Workstation\bin\;C:\WINDOWS\system32;C:\WINDOWS;C:\WINDOWS\System32\Wbem;C:\WINDOWS\System32\WindowsPowerShell\v1.0\;C:\WINDOWS\System32\OpenSSH\;C:\MinGW\bin;C:\Program Files\Azure Data Studio\bin;C:\Program Files\nodejs\;C:\Program Files\Git\cmd;C:\Program Files\Java\jdk-17.0.5\bin;C:\Program Files\Microsoft SQL Server\Client SDK\ODBC\170\Tools\Binn\;C:\Program Files (x86)\Microsoft SQL Server\150\Tools\Binn\;C:\Program Files\Microsoft SQL Server\150\Tools\Binn\;C:\Program Files\Microsoft SQL Server\150\DTS\Binn\;C:\Program Files (x86)\Microsoft SQL Server\150\DTS\Binn\;C:\Program Files\TortoiseGit\bin;C:\Program Files\Apache Software Foundation\my cat1\BIN;C:\Program Files\Java\jdk-17.0.5\BIN;;C:\Program Files\Docker\Docker\resources\bin;C:\Program Files\Java\jdk1.8.0_321\bin;C:\Users\PC\AppData\Local\Programs\Microsoft VS Code\bin;C:\Users\PC\AppData\Roaming\npm
USERNAME=PC
OS=Windows_NT
PROCESSOR_IDENTIFIER=Intel64 Family 6 Model 142 Stepping 10, GenuineIntel



---------------  S Y S T E M  ---------------

OS:
 Windows 10 , 64 bit Build 19041 (10.0.19041.3155)
OS uptime: 4 days 23:32 hours
Hyper-V role detected

CPU: total 4 (initial active 4) (2 cores per cpu, 2 threads per core) family 6 model 142 stepping 10 microcode 0xca, cx8, cmov, fxsr, ht, mmx, 3dnowpref, sse, sse2, sse3, ssse3, sse4.1, sse4.2, popcnt, lzcnt, tsc, tscinvbit, avx, avx2, aes, erms, clmul, bmi1, bmi2, adx, fma, vzeroupper, clflush, clflushopt, hv

Memory: 4k page, system-wide physical 12152M (2581M free)
TotalPageFile size 14567M (AvailPageFile size 18M)
current process WorkingSet (physical memory assigned to process): 38M, peak: 38M
current process commit charge ("private bytes"): 264M, peak: 264M

vm_info: Java HotSpot(TM) 64-Bit Server VM (18.0.2.1+1-1) for windows-amd64 JRE (18.0.2.1+1-1), built on Aug 16 2022 01:46:33 by "mach5one" with MS VC++ 16.8 / 16.9 (VS2019)

END.
