#
# There is insufficient memory for the Java Runtime Environment to continue.
# Native memory allocation (mmap) failed to map 56623104 bytes for G1 virtual space
# Possible reasons:
#   The system is out of physical RAM or swap space
#   The process is running with CompressedOops enabled, and the Java Heap may be blocking the growth of the native heap
# Possible solutions:
#   Reduce memory load on the system
#   Increase physical memory or swap space
#   Check if swap backing store is full
#   Decrease Java heap size (-Xmx/-Xms)
#   Decrease number of Java threads
#   Decrease Java thread stack sizes (-Xss)
#   Set larger code cache with -XX:ReservedCodeCacheSize=
#   JVM is running with Zero Based Compressed Oops mode in which the Java heap is
#     placed in the first 32GB address space. The Java Heap base address is the
#     maximum limit for the native heap growth. Please use -XX:HeapBaseMinAddress
#     to set the Java Heap base and to place the Java Heap above 32GB virtual address.
# This output file may be truncated or incomplete.
#
#  Out of Memory Error (os_windows.cpp:3530), pid=5556, tid=7080
#
# JRE version: Java(TM) SE Runtime Environment (18.0.2.1+1) (build 18.0.2.1+1-1)
# Java VM: Java HotSpot(TM) 64-Bit Server VM (18.0.2.1+1-1, mixed mode, emulated-client, sharing, tiered, compressed oops, compressed class ptrs, g1 gc, windows-amd64)
# No core dump will be written. Minidumps are not enabled by default on client versions of Windows
#

---------------  S U M M A R Y ------------

Command Line: -XX:TieredStopAtLevel=1 -Dspring.output.ansi.enabled=always -Dcom.sun.management.jmxremote -Dspring.jmx.enabled=true -Dspring.liveBeansView.mbeanDomain -Dspring.application.admin.enabled=true -javaagent:C:\Program Files\JetBrains\IntelliJ IDEA 2022.2.3\lib\idea_rt.jar=64918:C:\Program Files\JetBrains\IntelliJ IDEA 2022.2.3\bin -Dfile.encoding=UTF-8 -Dsun.stdout.encoding=UTF-8 -Dsun.stderr.encoding=UTF-8 com.example.demo.DemoApplication

Host: Intel(R) Core(TM) i3-8130U CPU @ 2.20GHz, 4 cores, 11G,  Windows 10 , 64 bit Build 19041 (10.0.19041.3155)
Time: Wed Sep  6 14:43:09 2023 SE Asia Standard Time elapsed time: 542.335729 seconds (0d 0h 9m 2s)

---------------  T H R E A D  ---------------

Current thread (0x0000022caf3c9b50):  VMThread "VM Thread" [stack: 0x000000edca300000,0x000000edca400000] [id=7080]

Stack: [0x000000edca300000,0x000000edca400000]
Native frames: (J=compiled Java code, j=interpreted, Vv=VM code, C=native code)
V  [jvm.dll+0x6993aa]
V  [jvm.dll+0x7f46dd]
V  [jvm.dll+0x7f5fee]
V  [jvm.dll+0x7f66a3]
V  [jvm.dll+0x25cf1f]
V  [jvm.dll+0x6962f9]
V  [jvm.dll+0x68ae2a]
V  [jvm.dll+0x32255b]
V  [jvm.dll+0x329f36]
V  [jvm.dll+0x37eade]
V  [jvm.dll+0x37ed0f]
V  [jvm.dll+0x2fa2da]
V  [jvm.dll+0x2fa387]
V  [jvm.dll+0x33e8c2]
V  [jvm.dll+0x33ce64]
V  [jvm.dll+0x2f9ab0]
V  [jvm.dll+0x33c43b]
V  [jvm.dll+0x7fb48b]
V  [jvm.dll+0x7fc224]
V  [jvm.dll+0x7fc75c]
V  [jvm.dll+0x7fcbb4]
V  [jvm.dll+0x7fcc77]
V  [jvm.dll+0x7a120a]
V  [jvm.dll+0x698255]
C  [ucrtbase.dll+0x21bb2]
C  [KERNEL32.DLL+0x17614]
C  [ntdll.dll+0x526b1]

VM_Operation (0x000000edcaefdf20): G1CollectForAllocation, mode: safepoint, requested by thread 0x0000022cc76a7a10


---------------  P R O C E S S  ---------------

Threads class SMR info:
_java_thread_list=0x0000022cc8ae8350, length=31, elements={
0x0000022cc304e2f0, 0x0000022cc304f6f0, 0x0000022cc3069310, 0x0000022cc3069cb0,
0x0000022cc306a650, 0x0000022cc306b790, 0x0000022cc306c130, 0x0000022cc3082ae0,
0x0000022cc312e760, 0x0000022cc76a7a10, 0x0000022cc76a7ed0, 0x0000022cc7b410e0,
0x0000022cc80ce160, 0x0000022cc86fdfb0, 0x0000022cc86ff2f0, 0x0000022cc8700630,
0x0000022cc86fe480, 0x0000022cc86fcc70, 0x0000022cc86fd140, 0x0000022cc86fd610,
0x0000022cc8700160, 0x0000022cc86fdae0, 0x0000022cc86ff7c0, 0x0000022cc86fe950,
0x0000022cc86fee20, 0x0000022cc8b2fef0, 0x0000022cc8b33d80, 0x0000022cc8b30890,
0x0000022cc8b320a0, 0x0000022cc8b34250, 0x0000022cc8b34720
}

Java Threads: ( => current thread )
  0x0000022cc304e2f0 JavaThread "Reference Handler" daemon [_thread_blocked, id=8568, stack(0x000000edca400000,0x000000edca500000)]
  0x0000022cc304f6f0 JavaThread "Finalizer" daemon [_thread_blocked, id=244, stack(0x000000edca500000,0x000000edca600000)]
  0x0000022cc3069310 JavaThread "Signal Dispatcher" daemon [_thread_blocked, id=17924, stack(0x000000edca600000,0x000000edca700000)]
  0x0000022cc3069cb0 JavaThread "Attach Listener" daemon [_thread_blocked, id=12128, stack(0x000000edca700000,0x000000edca800000)]
  0x0000022cc306a650 JavaThread "Service Thread" daemon [_thread_blocked, id=8132, stack(0x000000edca800000,0x000000edca900000)]
  0x0000022cc306b790 JavaThread "Monitor Deflation Thread" daemon [_thread_blocked, id=13652, stack(0x000000edca900000,0x000000edcaa00000)]
  0x0000022cc306c130 JavaThread "C1 CompilerThread0" daemon [_thread_blocked, id=17552, stack(0x000000edcaa00000,0x000000edcab00000)]
  0x0000022cc3082ae0 JavaThread "Sweeper thread" daemon [_thread_blocked, id=14464, stack(0x000000edcab00000,0x000000edcac00000)]
  0x0000022cc312e760 JavaThread "Common-Cleaner" daemon [_thread_blocked, id=4552, stack(0x000000edcac00000,0x000000edcad00000)]
  0x0000022cc76a7a10 JavaThread "Monitor Ctrl-Break" daemon [_thread_blocked, id=13696, stack(0x000000edcae00000,0x000000edcaf00000)]
  0x0000022cc76a7ed0 JavaThread "Notification Thread" daemon [_thread_blocked, id=11380, stack(0x000000edcaf00000,0x000000edcb000000)]
  0x0000022cc7b410e0 JavaThread "RMI TCP Accept-0" daemon [_thread_in_native, id=17120, stack(0x000000edcb000000,0x000000edcb100000)]
  0x0000022cc80ce160 JavaThread "RMI Scheduler(0)" daemon [_thread_blocked, id=10912, stack(0x000000edcb900000,0x000000edcba00000)]
  0x0000022cc86fdfb0 JavaThread "Catalina-utility-1" [_thread_blocked, id=20284, stack(0x000000edcba00000,0x000000edcbb00000)]
  0x0000022cc86ff2f0 JavaThread "Catalina-utility-2" [_thread_blocked, id=15380, stack(0x000000edcbc00000,0x000000edcbd00000)]
  0x0000022cc8700630 JavaThread "container-0" [_thread_blocked, id=3788, stack(0x000000edcbd00000,0x000000edcbe00000)]
  0x0000022cc86fe480 JavaThread "File Watcher" daemon [_thread_blocked, id=20192, stack(0x000000edcbe00000,0x000000edcbf00000)]
  0x0000022cc86fcc70 JavaThread "Live Reload Server" daemon [_thread_in_native, id=17776, stack(0x000000edcc000000,0x000000edcc100000)]
  0x0000022cc86fd140 JavaThread "http-nio-8080-exec-1" daemon [_thread_blocked, id=15172, stack(0x000000edcbf00000,0x000000edcc000000)]
  0x0000022cc86fd610 JavaThread "http-nio-8080-exec-2" daemon [_thread_blocked, id=16684, stack(0x000000edcc100000,0x000000edcc200000)]
  0x0000022cc8700160 JavaThread "http-nio-8080-exec-3" daemon [_thread_blocked, id=11548, stack(0x000000edcc200000,0x000000edcc300000)]
  0x0000022cc86fdae0 JavaThread "http-nio-8080-exec-4" daemon [_thread_blocked, id=12744, stack(0x000000edcc300000,0x000000edcc400000)]
  0x0000022cc86ff7c0 JavaThread "http-nio-8080-exec-5" daemon [_thread_blocked, id=19820, stack(0x000000edcc400000,0x000000edcc500000)]
  0x0000022cc86fe950 JavaThread "http-nio-8080-exec-6" daemon [_thread_blocked, id=12816, stack(0x000000edcc500000,0x000000edcc600000)]
  0x0000022cc86fee20 JavaThread "http-nio-8080-exec-7" daemon [_thread_blocked, id=3740, stack(0x000000edcc600000,0x000000edcc700000)]
  0x0000022cc8b2fef0 JavaThread "http-nio-8080-exec-8" daemon [_thread_blocked, id=12740, stack(0x000000edcc700000,0x000000edcc800000)]
  0x0000022cc8b33d80 JavaThread "http-nio-8080-exec-9" daemon [_thread_blocked, id=13180, stack(0x000000edcc800000,0x000000edcc900000)]
  0x0000022cc8b30890 JavaThread "http-nio-8080-exec-10" daemon [_thread_blocked, id=15996, stack(0x000000edcc900000,0x000000edcca00000)]
  0x0000022cc8b320a0 JavaThread "http-nio-8080-Poller" daemon [_thread_in_native, id=13756, stack(0x000000edcca00000,0x000000edccb00000)]
  0x0000022cc8b34250 JavaThread "http-nio-8080-Acceptor" daemon [_thread_in_native, id=10020, stack(0x000000edccb00000,0x000000edccc00000)]
  0x0000022cc8b34720 JavaThread "DestroyJavaVM" [_thread_blocked, id=19172, stack(0x000000edc9d00000,0x000000edc9e00000)]

Other Threads:
=>0x0000022caf3c9b50 VMThread "VM Thread" [stack: 0x000000edca300000,0x000000edca400000] [id=7080]
  0x0000022cc7b42390 WatcherThread "VM Periodic Task Thread" [stack: 0x000000edcb100000,0x000000edcb200000] [id=5036]
  0x0000022caf3642c0 WorkerThread "GC Thread#0" [stack: 0x000000edc9e00000,0x000000edc9f00000] [id=20060]
  0x0000022cc7b82bd0 WorkerThread "GC Thread#1" [stack: 0x000000edcb200000,0x000000edcb300000] [id=16304]
  0x0000022cc7b9d120 WorkerThread "GC Thread#2" [stack: 0x000000edcb300000,0x000000edcb400000] [id=3300]
  0x0000022cc7b807e0 WorkerThread "GC Thread#3" [stack: 0x000000edcb400000,0x000000edcb500000] [id=11368]
  0x0000022caf372000 ConcurrentGCThread "G1 Main Marker" [stack: 0x000000edc9f00000,0x000000edca000000] [id=10532]
  0x0000022caf3729f0 WorkerThread "G1 Conc#0" [stack: 0x000000edca000000,0x000000edca100000] [id=20344]
  0x0000022caf3a4ac0 ConcurrentGCThread "G1 Refine#0" [stack: 0x000000edca100000,0x000000edca200000] [id=15420]
  0x0000022cc7bc4c80 ConcurrentGCThread "G1 Refine#1" [stack: 0x000000edcb500000,0x000000edcb600000] [id=17192]
  0x0000022caf3a53d0 ConcurrentGCThread "G1 Service" [stack: 0x000000edca200000,0x000000edca300000] [id=12820]

Threads with active compile tasks:

VM state: at safepoint (normal execution)

VM Mutex/Monitor currently owned by a thread:  ([mutex/lock_event])
[0x0000022caf304320] Threads_lock - owner thread: 0x0000022caf3c9b50
[0x0000022caf304cb0] Heap_lock - owner thread: 0x0000022cc76a7a10

Heap address: 0x0000000742000000, size: 3040 MB, Compressed Oops mode: Zero based, Oop shift amount: 3

CDS archive(s) mapped at: [0x0000000800000000-0x0000000800ba0000-0x0000000800ba0000), size 12189696, SharedBaseAddress: 0x0000000800000000, ArchiveRelocationMode: 0.
Compressed class space mapped at: 0x0000000800c00000-0x0000000840c00000, reserved size: 1073741824
Narrow klass base: 0x0000000800000000, Narrow klass shift: 0, Narrow klass range: 0x100000000

GC Precious Log:
 CardTable entry size: 512
 Card Set container configuration: InlinePtr #cards 4 size 8 Array Of Cards #cards 16 size 48 Howl #buckets 8 coarsen threshold 3686 Howl Bitmap #cards 512 size 80 coarsen threshold 460 Card regions per heap region 1 cards per card region 4096
 CPUs: 4 total, 4 available
 Memory: 12152M
 Large Page Support: Disabled
 NUMA Support: Disabled
 Compressed Oops: Enabled (Zero based)
 Heap Region Size: 2M
 Heap Min Capacity: 8M
 Heap Initial Capacity: 190M
 Heap Max Capacity: 3040M
 Pre-touch: Disabled
 Parallel Workers: 4
 Concurrent Workers: 1
 Concurrent Refinement Workers: 4
 Periodic GC: Disabled

Heap:
 garbage-first heap   total 59392K, used 15489K [0x0000000742000000, 0x0000000800000000)
  region size 2048K, 1 young (2048K), 1 survivors (2048K)
 Metaspace       used 30945K, committed 31680K, reserved 1114112K
  class space    used 4126K, committed 4480K, reserved 1048576K

Heap Regions: E=young(eden), S=young(survivor), O=old, HS=humongous(starts), HC=humongous(continues), CS=collection set, F=free, OA=open archive, CA=closed archive, TAMS=top-at-mark-start (previous, next)
|   0|0x0000000742000000, 0x0000000742200000, 0x0000000742200000|100%| O|  |TAMS 0x0000000742200000, 0x0000000742000000| Untracked 
|   1|0x0000000742200000, 0x0000000742400000, 0x0000000742400000|100%| O|  |TAMS 0x0000000742400000, 0x0000000742200000| Untracked 
|   2|0x0000000742400000, 0x0000000742400000, 0x0000000742600000|  0%| F|  |TAMS 0x0000000742400000, 0x0000000742400000| Untracked 
|   3|0x0000000742600000, 0x0000000742800000, 0x0000000742800000|100%| O|  |TAMS 0x0000000742600000, 0x0000000742600000| Untracked 
|   4|0x0000000742800000, 0x0000000742a00000, 0x0000000742a00000|100%| O|  |TAMS 0x0000000742800000, 0x0000000742800000| Untracked 
|   5|0x0000000742a00000, 0x0000000742c00000, 0x0000000742c00000|100%| O|  |TAMS 0x0000000742a00000, 0x0000000742a00000| Untracked 
|   6|0x0000000742c00000, 0x0000000742e00000, 0x0000000742e00000|100%| O|  |TAMS 0x0000000742c00000, 0x0000000742c00000| Untracked 
|   7|0x0000000742e00000, 0x0000000742f4ce00, 0x0000000743000000| 65%| O|  |TAMS 0x0000000742e00000, 0x0000000742e00000| Untracked 
|   8|0x0000000743000000, 0x0000000743000000, 0x0000000743200000|  0%| F|  |TAMS 0x0000000743000000, 0x0000000743000000| Untracked 
|   9|0x0000000743200000, 0x0000000743200000, 0x0000000743400000|  0%| F|  |TAMS 0x0000000743200000, 0x0000000743200000| Untracked 
|  10|0x0000000743400000, 0x0000000743400000, 0x0000000743600000|  0%| F|  |TAMS 0x0000000743400000, 0x0000000743400000| Untracked 
|  11|0x0000000743600000, 0x0000000743600000, 0x0000000743800000|  0%| F|  |TAMS 0x0000000743600000, 0x0000000743600000| Untracked 
|  12|0x0000000743800000, 0x0000000743800000, 0x0000000743a00000|  0%| F|  |TAMS 0x0000000743800000, 0x0000000743800000| Untracked 
|  13|0x0000000743a00000, 0x0000000743a00000, 0x0000000743c00000|  0%| F|  |TAMS 0x0000000743a00000, 0x0000000743a00000| Untracked 
|  14|0x0000000743c00000, 0x0000000743c00000, 0x0000000743e00000|  0%| F|  |TAMS 0x0000000743c00000, 0x0000000743c00000| Untracked 
|  15|0x0000000743e00000, 0x0000000743fd3888, 0x0000000744000000| 91%| S|CS|TAMS 0x0000000743e00000, 0x0000000743e00000| Complete 
|  16|0x0000000744000000, 0x0000000744000000, 0x0000000744200000|  0%| F|  |TAMS 0x0000000744000000, 0x0000000744000000| Untracked 
|  17|0x0000000744200000, 0x0000000744200000, 0x0000000744400000|  0%| F|  |TAMS 0x0000000744200000, 0x0000000744200000| Untracked 
|  18|0x0000000744400000, 0x0000000744400000, 0x0000000744600000|  0%| F|  |TAMS 0x0000000744400000, 0x0000000744400000| Untracked 
|  19|0x0000000744600000, 0x0000000744600000, 0x0000000744800000|  0%| F|  |TAMS 0x0000000744600000, 0x0000000744600000| Untracked 
|  20|0x0000000744800000, 0x0000000744800000, 0x0000000744a00000|  0%| F|  |TAMS 0x0000000744800000, 0x0000000744800000| Untracked 
|  21|0x0000000744a00000, 0x0000000744a00000, 0x0000000744c00000|  0%| F|  |TAMS 0x0000000744a00000, 0x0000000744a00000| Untracked 
|  22|0x0000000744c00000, 0x0000000744c00000, 0x0000000744e00000|  0%| F|  |TAMS 0x0000000744c00000, 0x0000000744c00000| Untracked 
|  23|0x0000000744e00000, 0x0000000744e00000, 0x0000000745000000|  0%| F|  |TAMS 0x0000000744e00000, 0x0000000744e00000| Untracked 
|  24|0x0000000745000000, 0x0000000745000000, 0x0000000745200000|  0%| F|  |TAMS 0x0000000745000000, 0x0000000745000000| Untracked 
|  69|0x000000074aa00000, 0x000000074aa00000, 0x000000074ac00000|  0%| F|  |TAMS 0x000000074aa00000, 0x000000074aa00000| Untracked 
|  70|0x000000074ac00000, 0x000000074ac00000, 0x000000074ae00000|  0%| F|  |TAMS 0x000000074ac00000, 0x000000074ac00000| Untracked 
|  71|0x000000074ae00000, 0x000000074ae00000, 0x000000074b000000|  0%| F|  |TAMS 0x000000074ae00000, 0x000000074ae00000| Untracked 
|  94|0x000000074dc00000, 0x000000074dc00000, 0x000000074de00000|  0%| F|  |TAMS 0x000000074dc00000, 0x000000074dc00000| Untracked 

Card table byte_map: [0x0000022cba230000,0x0000022cba820000] _byte_map_base: 0x0000022cb6820000

Marking Bits (Prev, Next): (CMBitMap*) 0x0000022caf365910, (CMBitMap*) 0x0000022caf3658d0
 Prev Bits: [0x0000022cbdd90000, 0x0000022cc0d10000)
 Next Bits: [0x0000022cbae10000, 0x0000022cbdd90000)

Polling page: 0x0000022cad300000

Metaspace:

Usage:
  Non-class:     26.19 MB used.
      Class:      4.03 MB used.
       Both:     30.22 MB used.

Virtual space:
  Non-class space:       64.00 MB reserved,      26.56 MB ( 42%) committed,  1 nodes.
      Class space:        1.00 GB reserved,       4.38 MB ( <1%) committed,  1 nodes.
             Both:        1.06 GB reserved,      30.94 MB (  3%) committed. 

Chunk freelists:
   Non-Class:  1.42 MB
       Class:  3.48 MB
        Both:  4.90 MB

MaxMetaspaceSize: unlimited
CompressedClassSpaceSize: 1.00 GB
Initial GC threshold: 21.00 MB
Current GC threshold: 35.25 MB
CDS: on
MetaspaceReclaimPolicy: balanced
 - commit_granule_bytes: 65536.
 - commit_granule_words: 8192.
 - virtual_space_node_default_size: 8388608.
 - enlarge_chunks_in_place: 1.
 - new_chunks_are_fully_committed: 0.
 - uncommit_free_chunks: 1.
 - use_allocation_guard: 0.


Internal statistics:

num_allocs_failed_limit: 3.
num_arena_births: 890.
num_arena_deaths: 0.
num_vsnodes_births: 2.
num_vsnodes_deaths: 0.
num_space_committed: 495.
num_space_uncommitted: 0.
num_chunks_returned_to_freelist: 3.
num_chunks_taken_from_freelist: 1951.
num_chunk_merges: 3.
num_chunk_splits: 1325.
num_chunks_enlarged: 934.
num_inconsistent_stats: 0.

CodeCache: size=49152Kb used=7883Kb max_used=8598Kb free=41268Kb
 bounds [0x0000022cb6c40000, 0x0000022cb74b0000, 0x0000022cb9c40000]
 total_blobs=4798 nmethods=4271 adapters=454
 compilation: enabled
              stopped_count=0, restarted_count=0
 full_count=0

Compilation events (20 events):
Event: 433.263 Thread 0x0000022cc306c130 4262       1       java.util.HashMap$Values::toArray (16 bytes)
Event: 433.264 Thread 0x0000022cc306c130 nmethod 4262 0x0000022cb70daa90 code [0x0000022cb70dac40, 0x0000022cb70dad58]
Event: 433.264 Thread 0x0000022cc306c130 4263       1       org.apache.catalina.core.StandardWrapper::getServlet (5 bytes)
Event: 433.264 Thread 0x0000022cc306c130 nmethod 4263 0x0000022cb70da790 code [0x0000022cb70da920, 0x0000022cb70da9f8]
Event: 443.270 Thread 0x0000022cc306c130 4264       1       java.util.EventObject::getSource (5 bytes)
Event: 443.270 Thread 0x0000022cc306c130 nmethod 4264 0x0000022cb70da490 code [0x0000022cb70da620, 0x0000022cb70da6f8]
Event: 443.270 Thread 0x0000022cc306c130 4265   !   1       org.apache.catalina.core.ContainerBase::findChildren (34 bytes)
Event: 443.270 Thread 0x0000022cc306c130 nmethod 4265 0x0000022cb70d9e10 code [0x0000022cb70d9fc0, 0x0000022cb70da2b8]
Event: 508.513 Thread 0x0000022cc306c130 4266       1       org.apache.catalina.core.StandardPipeline::getFirst (17 bytes)
Event: 508.513 Thread 0x0000022cc306c130 nmethod 4266 0x0000022cb70d9b10 code [0x0000022cb70d9ca0, 0x0000022cb70d9d98]
Event: 518.524 Thread 0x0000022cc306c130 4267   !   1       org.apache.catalina.core.ContainerBase::getRealmInternal (38 bytes)
Event: 518.525 Thread 0x0000022cc306c130 nmethod 4267 0x0000022cb70d9390 code [0x0000022cb70d9580, 0x0000022cb70d9898]
Event: 518.525 Thread 0x0000022cc306c130 4268   !   1       org.apache.catalina.core.ContainerBase::getClusterInternal (38 bytes)
Event: 518.525 Thread 0x0000022cc306c130 nmethod 4268 0x0000022cb70d8c10 code [0x0000022cb70d8e00, 0x0000022cb70d9118]
Event: 528.538 Thread 0x0000022cc306c130 4270   !   1       org.apache.catalina.core.ContainerBase::backgroundProcess (172 bytes)
Event: 528.539 Thread 0x0000022cc306c130 nmethod 4270 0x0000022cb70d7990 code [0x0000022cb70d7c00, 0x0000022cb70d85d8]
Event: 528.539 Thread 0x0000022cc306c130 4269   !   1       org.apache.catalina.core.ContainerBase$ContainerBackgroundProcessor::processChildren (202 bytes)
Event: 528.540 Thread 0x0000022cc306c130 nmethod 4269 0x0000022cb70d5810 code [0x0000022cb70d5b40, 0x0000022cb70d6d78]
Event: 528.540 Thread 0x0000022cc306c130 4271       1       org.apache.catalina.mapper.MapperListener::lifecycleEvent (180 bytes)
Event: 528.541 Thread 0x0000022cc306c130 nmethod 4271 0x0000022cb70d4910 code [0x0000022cb70d4b80, 0x0000022cb70d5458]

GC Heap History (13 events):
Event: 0.666 GC heap before
{Heap before GC invocations=0 (full 0):
 garbage-first heap   total 194560K, used 12288K [0x0000000742000000, 0x0000000800000000)
  region size 2048K, 6 young (12288K), 0 survivors (0K)
 Metaspace       used 5681K, committed 5888K, reserved 1114112K
  class space    used 676K, committed 768K, reserved 1048576K
}
Event: 0.671 GC heap after
{Heap after GC invocations=1 (full 0):
 garbage-first heap   total 194560K, used 4112K [0x0000000742000000, 0x0000000800000000)
  region size 2048K, 1 young (2048K), 1 survivors (2048K)
 Metaspace       used 5681K, committed 5888K, reserved 1114112K
  class space    used 676K, committed 768K, reserved 1048576K
}
Event: 0.905 GC heap before
{Heap before GC invocations=1 (full 0):
 garbage-first heap   total 194560K, used 14352K [0x0000000742000000, 0x0000000800000000)
  region size 2048K, 6 young (12288K), 1 survivors (2048K)
 Metaspace       used 7834K, committed 8064K, reserved 1114112K
  class space    used 979K, committed 1088K, reserved 1048576K
}
Event: 0.908 GC heap after
{Heap after GC invocations=2 (full 0):
 garbage-first heap   total 194560K, used 5036K [0x0000000742000000, 0x0000000800000000)
  region size 2048K, 1 young (2048K), 1 survivors (2048K)
 Metaspace       used 7834K, committed 8064K, reserved 1114112K
  class space    used 979K, committed 1088K, reserved 1048576K
}
Event: 1.390 GC heap before
{Heap before GC invocations=2 (full 0):
 garbage-first heap   total 194560K, used 31660K [0x0000000742000000, 0x0000000800000000)
  region size 2048K, 15 young (30720K), 1 survivors (2048K)
 Metaspace       used 14514K, committed 14784K, reserved 1114112K
  class space    used 1856K, committed 1984K, reserved 1048576K
}
Event: 1.395 GC heap after
{Heap after GC invocations=3 (full 0):
 garbage-first heap   total 194560K, used 7713K [0x0000000742000000, 0x0000000800000000)
  region size 2048K, 2 young (4096K), 2 survivors (4096K)
 Metaspace       used 14514K, committed 14784K, reserved 1114112K
  class space    used 1856K, committed 1984K, reserved 1048576K
}
Event: 2.247 GC heap before
{Heap before GC invocations=3 (full 0):
 garbage-first heap   total 194560K, used 48673K [0x0000000742000000, 0x0000000800000000)
  region size 2048K, 23 young (47104K), 2 survivors (4096K)
 Metaspace       used 21127K, committed 21504K, reserved 1114112K
  class space    used 2803K, committed 3008K, reserved 1048576K
}
Event: 2.254 GC heap after
{Heap after GC invocations=4 (full 0):
 garbage-first heap   total 194560K, used 10214K [0x0000000742000000, 0x0000000800000000)
  region size 2048K, 3 young (6144K), 3 survivors (6144K)
 Metaspace       used 21127K, committed 21504K, reserved 1114112K
  class space    used 2803K, committed 3008K, reserved 1048576K
}
Event: 3.017 GC heap before
{Heap before GC invocations=5 (full 0):
 garbage-first heap   total 49152K, used 47078K [0x0000000742000000, 0x0000000800000000)
  region size 2048K, 21 young (43008K), 3 survivors (6144K)
 Metaspace       used 27107K, committed 27712K, reserved 1114112K
  class space    used 3613K, committed 3904K, reserved 1048576K
}
Event: 3.029 GC heap after
{Heap after GC invocations=6 (full 0):
 garbage-first heap   total 59392K, used 13978K [0x0000000742000000, 0x0000000800000000)
  region size 2048K, 5 young (10240K), 5 survivors (10240K)
 Metaspace       used 27107K, committed 27712K, reserved 1114112K
  class space    used 3613K, committed 3904K, reserved 1048576K
}
Event: 3.063 GC heap before
{Heap before GC invocations=6 (full 0):
 garbage-first heap   total 59392K, used 16026K [0x0000000742000000, 0x0000000800000000)
  region size 2048K, 6 young (12288K), 5 survivors (10240K)
 Metaspace       used 27542K, committed 28160K, reserved 1114112K
  class space    used 3671K, committed 3968K, reserved 1048576K
}
Event: 3.076 GC heap after
{Heap after GC invocations=7 (full 0):
 garbage-first heap   total 59392K, used 14860K [0x0000000742000000, 0x0000000800000000)
  region size 2048K, 1 young (2048K), 1 survivors (2048K)
 Metaspace       used 27542K, committed 28160K, reserved 1114112K
  class space    used 3671K, committed 3968K, reserved 1048576K
}
Event: 542.294 GC heap before
{Heap before GC invocations=7 (full 0):
 garbage-first heap   total 59392K, used 39436K [0x0000000742000000, 0x0000000800000000)
  region size 2048K, 13 young (26624K), 1 survivors (2048K)
 Metaspace       used 30945K, committed 31680K, reserved 1114112K
  class space    used 4126K, committed 4480K, reserved 1048576K
}

Deoptimization events (6 events):
Event: 1.367 Thread 0x0000022cc74813d0 DEOPT PACKING pc=0x0000022cb715b8f9 sp=0x000000edcb7fcf80
Event: 1.367 Thread 0x0000022cc74813d0 DEOPT UNPACKING pc=0x0000022cb6c92b43 sp=0x000000edcb7fc460 mode 3
Event: 2.824 Thread 0x0000022cc74813d0 DEOPT PACKING pc=0x0000022cb735aa25 sp=0x000000edcb7fc060
Event: 2.824 Thread 0x0000022cc74813d0 DEOPT UNPACKING pc=0x0000022cb6c92b43 sp=0x000000edcb7fb5c8 mode 3
Event: 2.879 Thread 0x0000022cc86ff2f0 DEOPT PACKING pc=0x0000022cb701dc9f sp=0x000000edcbcfee50
Event: 2.879 Thread 0x0000022cc86ff2f0 DEOPT UNPACKING pc=0x0000022cb6c92b43 sp=0x000000edcbcfe2a8 mode 3

Classes loaded (20 events):
Event: 8.015 Loading class sun/nio/ch/SocketAdaptor done
Event: 8.016 Loading class sun/nio/ch/SelectionKeyImpl
Event: 8.016 Loading class java/nio/channels/spi/AbstractSelectionKey
Event: 8.016 Loading class java/nio/channels/SelectionKey
Event: 8.016 Loading class java/nio/channels/SelectionKey done
Event: 8.016 Loading class java/nio/channels/spi/AbstractSelectionKey done
Event: 8.016 Loading class sun/nio/ch/SelectionKeyImpl done
Event: 8.016 Loading class java/lang/invoke/ConstantBootstraps
Event: 8.017 Loading class java/lang/invoke/ConstantBootstraps done
Event: 8.043 Loading class sun/nio/cs/ThreadLocalCoders
Event: 8.043 Loading class sun/nio/cs/ThreadLocalCoders done
Event: 8.043 Loading class sun/nio/cs/ThreadLocalCoders$1
Event: 8.043 Loading class sun/nio/cs/ThreadLocalCoders$Cache
Event: 8.043 Loading class sun/nio/cs/ThreadLocalCoders$Cache done
Event: 8.043 Loading class sun/nio/cs/ThreadLocalCoders$1 done
Event: 8.043 Loading class sun/nio/cs/ThreadLocalCoders$2
Event: 8.043 Loading class sun/nio/cs/ThreadLocalCoders$2 done
Event: 8.114 Loading class java/text/MessageFormat$Field
Event: 8.114 Loading class java/text/MessageFormat$Field done
Event: 542.293 Loading class sun/net/ConnectionResetException

Classes unloaded (0 events):
No events

Classes redefined (0 events):
No events

Internal exceptions (20 events):
Event: 2.667 Thread 0x0000022cc74813d0 Exception <a 'java/lang/NoSuchMethodError'{0x0000000743970ff0}: 'java.lang.Object java.lang.invoke.DelegatingMethodHandle$Holder.reinvoke_L(java.lang.Object, long, java.lang.Object, java.lang.Object, java.lang.Object, java.lang.Object, java.lang.Object, java.lang.Object)'> (0x0000000743970ff0) 
thrown [s\open\src\hotspot\share\interpreter\linkResolver.cpp, line 759]
Event: 2.796 Thread 0x0000022cc74813d0 Exception <a 'java/lang/NoSuchMethodError'{0x000000074339e188}: 'void java.lang.invoke.DirectMethodHandle$Holder.invokeVirtual(java.lang.Object, java.lang.Object, java.lang.Object, java.lang.Object, java.lang.Object)'> (0x000000074339e188) 
thrown [s\open\src\hotspot\share\interpreter\linkResolver.cpp, line 759]
Event: 2.828 Thread 0x0000022cc74813d0 Exception <a 'java/lang/NoSuchMethodError'{0x00000007431f0208}: 'int java.lang.invoke.DirectMethodHandle$Holder.invokeInterface(java.lang.Object, java.lang.Object, java.lang.Object, java.lang.Object)'> (0x00000007431f0208) 
thrown [s\open\src\hotspot\share\interpreter\linkResolver.cpp, line 759]
Event: 2.861 Thread 0x0000022cc74813d0 Exception <a 'java/lang/NoSuchMethodError'{0x0000000742f8d018}: 'long java.lang.invoke.DirectMethodHandle$Holder.invokeVirtual(java.lang.Object, java.lang.Object)'> (0x0000000742f8d018) 
thrown [s\open\src\hotspot\share\interpreter\linkResolver.cpp, line 759]
Event: 2.867 Thread 0x0000022cc74813d0 Exception <a 'java/io/FileNotFoundException'{0x0000000742fbbc30}> (0x0000000742fbbc30) 
thrown [s\open\src\hotspot\share\prims\jni.cpp, line 516]
Event: 2.886 Thread 0x0000022cc74813d0 Exception <a 'java/lang/NoSuchMethodError'{0x0000000742c6cd08}: 'void java.lang.invoke.Invokers$Holder.invokeExact_MT(java.lang.Object, java.lang.Object, java.lang.Object, java.lang.Object)'> (0x0000000742c6cd08) 
thrown [s\open\src\hotspot\share\interpreter\linkResolver.cpp, line 759]
Event: 2.937 Thread 0x0000022cc74813d0 Exception <a 'java/lang/NoSuchMethodError'{0x0000000742b45230}: 'java.lang.Object java.lang.invoke.DirectMethodHandle$Holder.newInvokeSpecial(java.lang.Object, java.lang.Object, java.lang.Object, java.lang.Object, java.lang.Object, java.lang.Object)'> (0x0000000742b45230) 
thrown [s\open\src\hotspot\share\interpreter\linkResolver.cpp, line 759]
Event: 2.944 Thread 0x0000022cc74813d0 Exception <a 'java/lang/NoSuchMethodError'{0x0000000742bac920}: 'java.lang.Object java.lang.invoke.DirectMethodHandle$Holder.newInvokeSpecial(java.lang.Object, java.lang.Object, java.lang.Object, java.lang.Object, java.lang.Object, java.lang.Object, java.lang.Object, java.lang.Object)'> (0x0000000742bac920) 
thrown [s\open\src\hotspot\share\interpreter\linkResolver.cpp, line 759]
Event: 3.033 Thread 0x0000022cc74813d0 Exception <a 'java/lang/NoSuchMethodError'{0x000000074dc2dde8}: 'void java.lang.invoke.DirectMethodHandle$Holder.invokeVirtual(java.lang.Object, java.lang.Object, long)'> (0x000000074dc2dde8) 
thrown [s\open\src\hotspot\share\interpreter\linkResolver.cpp, line 759]
Event: 3.044 Thread 0x0000022cc74813d0 Exception <a 'java/lang/NoSuchMethodError'{0x000000074dce8528}: 'java.lang.Object java.lang.invoke.DirectMethodHandle$Holder.invokeSpecial(java.lang.Object, java.lang.Object, int, int, int, int)'> (0x000000074dce8528) 
thrown [s\open\src\hotspot\share\interpreter\linkResolver.cpp, line 759]
Event: 3.185 Thread 0x0000022cc74813d0 Exception <a 'java/lang/IncompatibleClassChangeError'{0x000000074ade15a8}: Found class java.lang.Object, but interface was expected> (0x000000074ade15a8) 
thrown [s\open\src\hotspot\share\interpreter\linkResolver.cpp, line 826]
Event: 3.208 Thread 0x0000022cc74813d0 Exception <a 'java/lang/NoSuchMethodError'{0x000000074ab290b8}: 'int java.lang.invoke.DirectMethodHandle$Holder.invokeStaticInit(java.lang.Object, java.lang.Object, java.lang.Object, java.lang.Object)'> (0x000000074ab290b8) 
thrown [s\open\src\hotspot\share\interpreter\linkResolver.cpp, line 759]
Event: 3.289 Thread 0x0000022cc74813d0 Exception <a 'java/lang/NoSuchMethodError'{0x0000000744eb6c00}: 'java.lang.Object java.lang.invoke.DirectMethodHandle$Holder.newInvokeSpecial(java.lang.Object, java.lang.Object, int, java.lang.Object, java.lang.Object)'> (0x0000000744eb6c00) 
thrown [s\open\src\hotspot\share\interpreter\linkResolver.cpp, line 759]
Event: 3.292 Thread 0x0000022cc74813d0 Exception <a 'java/lang/NoSuchMethodError'{0x0000000744ec2280}: 'java.lang.Object java.lang.invoke.DirectMethodHandle$Holder.invokeSpecial(java.lang.Object, java.lang.Object, int, java.lang.Object, int, java.lang.Object)'> (0x0000000744ec2280) 
thrown [s\open\src\hotspot\share\interpreter\linkResolver.cpp, line 759]
Event: 3.294 Thread 0x0000022cc74813d0 Exception <a 'java/lang/NoSuchMethodError'{0x0000000744eca350}: 'java.lang.Object java.lang.invoke.DirectMethodHandle$Holder.newInvokeSpecial(java.lang.Object, java.lang.Object, int, java.lang.Object, int)'> (0x0000000744eca350) 
thrown [s\open\src\hotspot\share\interpreter\linkResolver.cpp, line 759]
Event: 3.295 Thread 0x0000022cc74813d0 Exception <a 'java/lang/NoSuchMethodError'{0x0000000744ece458}: 'java.lang.Object java.lang.invoke.DirectMethodHandle$Holder.invokeSpecial(java.lang.Object, java.lang.Object, java.lang.Object, int, java.lang.Object, int)'> (0x0000000744ece458) 
thrown [s\open\src\hotspot\share\interpreter\linkResolver.cpp, line 759]
Event: 3.746 Thread 0x0000022cc801a3f0 Exception <a 'java/lang/NoSuchMethodError'{0x0000000744b3a440}: 'java.lang.Object java.lang.invoke.DirectMethodHandle$Holder.invokeInterface(java.lang.Object, java.lang.Object, java.lang.Object, java.lang.Object, java.lang.Object, java.lang.Object, java.lang.Object)'> (0x0000000744b3a440) 
thrown [s\open\src\hotspot\share\interpreter\linkResolver.cpp, line 759]
Event: 8.040 Thread 0x0000022cc86fd140 Exception <a 'java/lang/NoSuchMethodError'{0x0000000744959948}: 'java.lang.Object java.lang.invoke.DirectMethodHandle$Holder.invokeSpecial(java.lang.Object, java.lang.Object, java.lang.Object, java.lang.Object, java.lang.Object, long)'> (0x0000000744959948) 
thrown [s\open\src\hotspot\share\interpreter\linkResolver.cpp, line 759]
Event: 8.041 Thread 0x0000022cc86fd140 Exception <a 'java/lang/NoSuchMethodError'{0x000000074495d390}: 'java.lang.Object java.lang.invoke.Invokers$Holder.linkToTargetMethod(java.lang.Object, java.lang.Object, java.lang.Object, long, java.lang.Object)'> (0x000000074495d390) 
thrown [s\open\src\hotspot\share\interpreter\linkResolver.cpp, line 759]
Event: 8.140 Thread 0x0000022cc86fd140 Exception <a 'java/lang/NoSuchMethodError'{0x0000000744585570}: 'java.lang.Object java.lang.invoke.Invokers$Holder.linkToTargetMethod(java.lang.Object, int, java.lang.Object, java.lang.Object)'> (0x0000000744585570) 
thrown [s\open\src\hotspot\share\interpreter\linkResolver.cpp, line 759]

VM Operations (20 events):
Event: 183.720 Executing VM operation: Cleanup done
Event: 203.936 Executing VM operation: Cleanup
Event: 203.936 Executing VM operation: Cleanup done
Event: 204.951 Executing VM operation: Cleanup
Event: 204.951 Executing VM operation: Cleanup done
Event: 205.961 Executing VM operation: Cleanup
Event: 205.962 Executing VM operation: Cleanup done
Event: 208.996 Executing VM operation: Cleanup
Event: 208.996 Executing VM operation: Cleanup done
Event: 213.029 Executing VM operation: Cleanup
Event: 213.029 Executing VM operation: Cleanup done
Event: 224.152 Executing VM operation: Cleanup
Event: 224.153 Executing VM operation: Cleanup done
Event: 225.165 Executing VM operation: Cleanup
Event: 225.165 Executing VM operation: Cleanup done
Event: 308.937 Executing VM operation: Cleanup
Event: 308.937 Executing VM operation: Cleanup done
Event: 539.053 Executing VM operation: Cleanup
Event: 539.054 Executing VM operation: Cleanup done
Event: 542.294 Executing VM operation: G1CollectForAllocation

Events (20 events):
Event: 3.305 Thread 0x0000022cc8b30890 Thread added: 0x0000022cc8b30890
Event: 3.320 Thread 0x0000022cc8b320a0 Thread added: 0x0000022cc8b320a0
Event: 3.322 Thread 0x0000022cc8b34250 Thread added: 0x0000022cc8b34250
Event: 3.364 Thread 0x0000022cc74813d0 Thread exited: 0x0000022cc74813d0
Event: 3.365 Thread 0x0000022cc7480f10 Thread exited: 0x0000022cc7480f10
Event: 3.365 Thread 0x0000022caf308b50 Thread exited: 0x0000022caf308b50
Event: 3.365 Thread 0x0000022cc8b34720 Thread added: 0x0000022cc8b34720
Event: 3.739 Thread 0x0000022cc8b34bf0 Thread added: 0x0000022cc8b34bf0
Event: 3.742 Thread 0x0000022cc8b34bf0 Thread exited: 0x0000022cc8b34bf0
Event: 3.742 Thread 0x0000022cc8b32f10 Thread added: 0x0000022cc8b32f10
Event: 3.749 Thread 0x0000022cc8b32f10 Thread exited: 0x0000022cc8b32f10
Event: 3.750 Thread 0x0000022cc8b32570 Thread added: 0x0000022cc8b32570
Event: 3.755 Thread 0x0000022cc8b32570 Thread exited: 0x0000022cc8b32570
Event: 3.756 Thread 0x0000022cc8b2f080 Thread added: 0x0000022cc8b2f080
Event: 3.757 Thread 0x0000022cc8b30d60 Thread added: 0x0000022cc8b30d60
Event: 3.762 Thread 0x0000022cc8b30d60 Thread exited: 0x0000022cc8b30d60
Event: 4.888 Thread 0x0000022cc81e5310 Thread exited: 0x0000022cc81e5310
Event: 10.331 Thread 0x0000022cc304ca00 Thread exited: 0x0000022cc304ca00
Event: 66.814 Thread 0x0000022cc8b2f080 Thread exited: 0x0000022cc8b2f080
Event: 91.186 Thread 0x0000022cc801a3f0 Thread exited: 0x0000022cc801a3f0


Dynamic libraries:
0x00007ff612660000 - 0x00007ff612670000 	C:\Program Files\Java\jdk-18\bin\java.exe
0x00007ffa04410000 - 0x00007ffa04608000 	C:\WINDOWS\SYSTEM32\ntdll.dll
0x00007ffa025a0000 - 0x00007ffa0265f000 	C:\WINDOWS\System32\KERNEL32.DLL
0x00007ffa01fe0000 - 0x00007ffa022d6000 	C:\WINDOWS\System32\KERNELBASE.dll
0x00007ffa01e10000 - 0x00007ffa01f10000 	C:\WINDOWS\System32\ucrtbase.dll
0x00007ff9deb20000 - 0x00007ff9deb3a000 	C:\Program Files\Java\jdk-18\bin\VCRUNTIME140.dll
0x00007ff9d7770000 - 0x00007ff9d7788000 	C:\Program Files\Java\jdk-18\bin\jli.dll
0x00007ffa02810000 - 0x00007ffa028bf000 	C:\WINDOWS\System32\ADVAPI32.dll
0x00007ffa02660000 - 0x00007ffa026fe000 	C:\WINDOWS\System32\msvcrt.dll
0x00007ffa03130000 - 0x00007ffa031cc000 	C:\WINDOWS\System32\sechost.dll
0x00007ffa03780000 - 0x00007ffa038a6000 	C:\WINDOWS\System32\RPCRT4.dll
0x00007ffa02f20000 - 0x00007ffa030bd000 	C:\WINDOWS\System32\USER32.dll
0x00007ffa02440000 - 0x00007ffa02462000 	C:\WINDOWS\System32\win32u.dll
0x00007ffa038b0000 - 0x00007ffa038dc000 	C:\WINDOWS\System32\GDI32.dll
0x00007ffa01b80000 - 0x00007ffa01c95000 	C:\WINDOWS\System32\gdi32full.dll
0x00007ffa01f40000 - 0x00007ffa01fdd000 	C:\WINDOWS\System32\msvcp_win.dll
0x00007ff9f5d80000 - 0x00007ff9f601a000 	C:\WINDOWS\WinSxS\amd64_microsoft.windows.common-controls_6595b64144ccf1df_6.0.19041.1110_none_60b5254171f9507e\COMCTL32.dll
0x00007ff9fc810000 - 0x00007ff9fc81a000 	C:\WINDOWS\SYSTEM32\VERSION.dll
0x00007ffa038e0000 - 0x00007ffa03910000 	C:\WINDOWS\System32\IMM32.DLL
0x00007ff9f6f70000 - 0x00007ff9f6f7c000 	C:\Program Files\Java\jdk-18\bin\vcruntime140_1.dll
0x00007ff9c1770000 - 0x00007ff9c17fd000 	C:\Program Files\Java\jdk-18\bin\msvcp140.dll
0x00007ff99f8a0000 - 0x00007ff9a04b1000 	C:\Program Files\Java\jdk-18\bin\server\jvm.dll
0x00007ffa02590000 - 0x00007ffa02598000 	C:\WINDOWS\System32\PSAPI.DLL
0x00007ff9f4760000 - 0x00007ff9f4769000 	C:\WINDOWS\SYSTEM32\WSOCK32.dll
0x00007ff9e7fd0000 - 0x00007ff9e7ff7000 	C:\WINDOWS\SYSTEM32\WINMM.dll
0x00007ffa02b50000 - 0x00007ffa02bbb000 	C:\WINDOWS\System32\WS2_32.dll
0x00007ffa00330000 - 0x00007ffa00342000 	C:\WINDOWS\SYSTEM32\kernel.appcore.dll
0x00007ff9f6280000 - 0x00007ff9f628a000 	C:\Program Files\Java\jdk-18\bin\jimage.dll
0x00007ff9ffff0000 - 0x00007ffa001d4000 	C:\WINDOWS\SYSTEM32\DBGHELP.DLL
0x00007ff9f1790000 - 0x00007ff9f17c4000 	C:\WINDOWS\SYSTEM32\dbgcore.DLL
0x00007ffa01af0000 - 0x00007ffa01b72000 	C:\WINDOWS\System32\bcryptPrimitives.dll
0x00007ff9fa560000 - 0x00007ff9fa56e000 	C:\Program Files\Java\jdk-18\bin\instrument.dll
0x00007ff9d5b90000 - 0x00007ff9d5bb5000 	C:\Program Files\Java\jdk-18\bin\java.dll
0x00007ff9b99d0000 - 0x00007ff9b9aa6000 	C:\Program Files\Java\jdk-18\bin\jsvml.dll
0x00007ffa03bf0000 - 0x00007ffa04334000 	C:\WINDOWS\System32\SHELL32.dll
0x00007ff9ff840000 - 0x00007ff9fffd3000 	C:\WINDOWS\SYSTEM32\windows.storage.dll
0x00007ffa02bc0000 - 0x00007ffa02f14000 	C:\WINDOWS\System32\combase.dll
0x00007ffa01380000 - 0x00007ffa013ae000 	C:\WINDOWS\SYSTEM32\Wldp.dll
0x00007ffa02760000 - 0x00007ffa0280d000 	C:\WINDOWS\System32\SHCORE.dll
0x00007ffa02700000 - 0x00007ffa02755000 	C:\WINDOWS\System32\shlwapi.dll
0x00007ffa01a20000 - 0x00007ffa01a45000 	C:\WINDOWS\SYSTEM32\profapi.dll
0x00007ff9ce2f0000 - 0x00007ff9ce308000 	C:\Program Files\Java\jdk-18\bin\zip.dll
0x00007ff9d2b80000 - 0x00007ff9d2b93000 	C:\Program Files\Java\jdk-18\bin\net.dll
0x00007ff9fb190000 - 0x00007ff9fb29a000 	C:\WINDOWS\SYSTEM32\WINHTTP.dll
0x00007ffa01160000 - 0x00007ffa011ca000 	C:\WINDOWS\system32\mswsock.dll
0x00007ff9cf030000 - 0x00007ff9cf046000 	C:\Program Files\Java\jdk-18\bin\nio.dll
0x00007ff9f9df0000 - 0x00007ff9f9e0a000 	C:\Program Files\JetBrains\IntelliJ IDEA 2022.2.3\bin\breakgen64.dll
0x00007ffa00eb0000 - 0x00007ffa00f7a000 	C:\WINDOWS\SYSTEM32\DNSAPI.dll
0x00007ffa00e70000 - 0x00007ffa00eab000 	C:\WINDOWS\SYSTEM32\IPHLPAPI.DLL
0x00007ffa030c0000 - 0x00007ffa030c8000 	C:\WINDOWS\System32\NSI.dll
0x00007ff9f84e0000 - 0x00007ff9f84ea000 	C:\Windows\System32\rasadhlp.dll
0x00007ff9f9b90000 - 0x00007ff9f9c12000 	C:\WINDOWS\System32\fwpuclnt.dll
0x00007ffa01f10000 - 0x00007ffa01f37000 	C:\WINDOWS\System32\bcrypt.dll
0x00007ff9fa170000 - 0x00007ff9fa179000 	C:\Program Files\Java\jdk-18\bin\management.dll
0x00007ff9f7ca0000 - 0x00007ff9f7cab000 	C:\Program Files\Java\jdk-18\bin\management_ext.dll
0x00007ffa013c0000 - 0x00007ffa013d8000 	C:\WINDOWS\SYSTEM32\CRYPTSP.dll
0x00007ffa00a90000 - 0x00007ffa00ac4000 	C:\WINDOWS\system32\rsaenh.dll
0x00007ffa019e0000 - 0x00007ffa01a0e000 	C:\WINDOWS\SYSTEM32\USERENV.dll
0x00007ffa012f0000 - 0x00007ffa012fc000 	C:\WINDOWS\SYSTEM32\CRYPTBASE.dll
0x00007ff9fae90000 - 0x00007ff9faea7000 	C:\WINDOWS\SYSTEM32\dhcpcsvc6.DLL
0x00007ff9fae70000 - 0x00007ff9fae8d000 	C:\WINDOWS\SYSTEM32\dhcpcsvc.DLL
0x00007ff9de380000 - 0x00007ff9de397000 	C:\WINDOWS\system32\napinsp.dll
0x00007ff9de360000 - 0x00007ff9de37b000 	C:\WINDOWS\system32\pnrpnsp.dll
0x00007ff9de340000 - 0x00007ff9de355000 	C:\WINDOWS\system32\wshbth.dll
0x00007ff9fcdb0000 - 0x00007ff9fcdcd000 	C:\WINDOWS\system32\NLAapi.dll
0x00007ff9de070000 - 0x00007ff9de082000 	C:\WINDOWS\System32\winrnr.dll
0x0000000180000000 - 0x000000018034d000 	C:\Program Files\Apache Software Foundation\my cat1\bin\tcnative-1.dll
0x00007ffa022e0000 - 0x00007ffa0243e000 	C:\WINDOWS\System32\CRYPT32.dll
0x00007ff9f15b0000 - 0x00007ff9f15be000 	C:\Program Files\Java\jdk-18\bin\sunmscapi.dll
0x00007ffa014c0000 - 0x00007ffa014e8000 	C:\WINDOWS\SYSTEM32\ncrypt.dll
0x00007ffa01480000 - 0x00007ffa014bb000 	C:\WINDOWS\SYSTEM32\NTASN1.dll

dbghelp: loaded successfully - version: 4.0.5 - missing functions: none
symbol engine: initialized successfully - sym options: 0x614 - pdb path: .;C:\Program Files\Java\jdk-18\bin;C:\WINDOWS\SYSTEM32;C:\WINDOWS\WinSxS\amd64_microsoft.windows.common-controls_6595b64144ccf1df_6.0.19041.1110_none_60b5254171f9507e;C:\Program Files\Java\jdk-18\bin\server;C:\Program Files\JetBrains\IntelliJ IDEA 2022.2.3\bin;C:\Program Files\Apache Software Foundation\my cat1\bin

VM Arguments:
jvm_args: -XX:TieredStopAtLevel=1 -Dspring.output.ansi.enabled=always -Dcom.sun.management.jmxremote -Dspring.jmx.enabled=true -Dspring.liveBeansView.mbeanDomain -Dspring.application.admin.enabled=true -javaagent:C:\Program Files\JetBrains\IntelliJ IDEA 2022.2.3\lib\idea_rt.jar=64918:C:\Program Files\JetBrains\IntelliJ IDEA 2022.2.3\bin -Dfile.encoding=UTF-8 -Dsun.stdout.encoding=UTF-8 -Dsun.stderr.encoding=UTF-8 
java_command: com.example.demo.DemoApplication
java_class_path (initial): E:\demo (2)\demo\target\classes;C:\Users\PC\.m2\repository\org\springframework\boot\spring-boot-starter-web\3.1.3\spring-boot-starter-web-3.1.3.jar;C:\Users\PC\.m2\repository\org\springframework\boot\spring-boot-starter\3.1.3\spring-boot-starter-3.1.3.jar;C:\Users\PC\.m2\repository\org\springframework\boot\spring-boot-starter-logging\3.1.3\spring-boot-starter-logging-3.1.3.jar;C:\Users\PC\.m2\repository\ch\qos\logback\logback-classic\1.4.11\logback-classic-1.4.11.jar;C:\Users\PC\.m2\repository\ch\qos\logback\logback-core\1.4.11\logback-core-1.4.11.jar;C:\Users\PC\.m2\repository\org\apache\logging\log4j\log4j-to-slf4j\2.20.0\log4j-to-slf4j-2.20.0.jar;C:\Users\PC\.m2\repository\org\apache\logging\log4j\log4j-api\2.20.0\log4j-api-2.20.0.jar;C:\Users\PC\.m2\repository\org\slf4j\jul-to-slf4j\2.0.7\jul-to-slf4j-2.0.7.jar;C:\Users\PC\.m2\repository\jakarta\annotation\jakarta.annotation-api\2.1.1\jakarta.annotation-api-2.1.1.jar;C:\Users\PC\.m2\repository\org\yaml\snakeyaml\1.33\snakeyaml-1.33.jar;C:\Users\PC\.m2\repository\org\springframework\boot\spring-boot-starter-json\3.1.3\spring-boot-starter-json-3.1.3.jar;C:\Users\PC\.m2\repository\com\fasterxml\jackson\core\jackson-databind\2.15.2\jackson-databind-2.15.2.jar;C:\Users\PC\.m2\repository\com\fasterxml\jackson\core\jackson-annotations\2.15.2\jackson-annotations-2.15.2.jar;C:\Users\PC\.m2\repository\com\fasterxml\jackson\core\jackson-core\2.15.2\jackson-core-2.15.2.jar;C:\Users\PC\.m2\repository\com\fasterxml\jackson\datatype\jackson-datatype-jdk8\2.15.2\jackson-datatype-jdk8-2.15.2.jar;C:\Users\PC\.m2\repository\com\fasterxml\jackson\datatype\jackson-datatype-jsr310\2.15.2\jackson-datatype-jsr310-2.15.2.jar;C:\Users\PC\.m2\repository\com\fasterxml\jackson\module\jackson-module-parameter-names\2.15.2\jackson-module-parameter-names-2.15.2.jar;C:\Users\PC\.m2\repository\org\springframework\boot\spring-boot-starter-tomcat\3.1.3\spring-boot-starter-tomcat-3.1.3.jar;C:\Users\PC\.m2\repository\org\apache\tomcat\embed\tomcat-embed-websocket\10.1.12\tomcat-embed-websocket-10.1.12.jar;C:\Users\PC\.m2\repository\org\springframework\spring-web\6.0.11\spring-web-6.0.11.jar;C:\Users\PC\.m2\repository\org\springframework\spring-beans\6.0.11\spring-beans-6.0.11.jar;C:\Users\PC\.m2\repository\io\micrometer\micrometer-observation\1.11.3\micrometer-observation-1.11.3.jar;C:\Users\PC\.m2\repository\io\micrometer\micrometer-commons\1.11.3\micrometer-commons-1.11.3.jar;C:\Users\PC\.m2\repository\org\springframework\spring-webmvc\6.0.11\spring-webmvc-6.0.11.jar;C:\Users\PC\.m2\repository\org\springframework\spring-aop\6.0.11\spring-aop-6.0.11.jar;C:\Users\PC\.m2\repository\org\springframework\spring-context\6.0.11\spring-context-6.0.11.jar;C:\Users\PC\.m2\repository\org\springframework\spring-expression\6.0.11\spring-expression-6.0.11.jar;C:\Users\PC\.m2\repository\org\springframework\boot\spring-boot-devtools\3.0.10\spring-boot-devtools-3.0.10.jar;C:\Users\PC\.m2\repository\org\springframework\boot\spring-boot\3.1.3\spring-boot-3.1.3.jar;C:\Users\PC\.m2\repository\org\springframework\boot\spring-boot-autoconfigure\3.1.3\spring-boot-autoconfigure-3.1.3.jar;C:\Users\PC\.m2\repository\org\slf4j\slf4j-api\2.0.7\slf4j-api-2.0.7.jar;C:\Users\PC\.m2\repository\org\springframework\spring-core\6.0.11\spring-core-6.0.11.jar;C:\Users\PC\.m2\repository\org\springframework\spring-jcl\6.0.11\spring-jcl-6.0.11.jar;C:\Users\PC\.m2\repository\org\apache\tomcat\embed\tomcat-embed-jasper\10.0.20\tomcat-embed-jasper-10.0.20.jar;C:\Users\PC\.m2\repository\org\apache\tomcat\embed\tomcat-embed-core\10.1.12\tomcat-embed-core-10.1.12.jar;C:\Users\PC\.m2\repository\org\apache\tomcat\tomcat-annotations-api\10.1.12\tomcat-annotations-api-10.1.12.jar;C:\Users\PC\.m2\repository\org\apache\tomcat\embed\tomcat-embed-el\10.1.12\tomcat-embed-el-10.1.12.jar;C:\Users\PC\.m2\repository\org\eclipse\jdt\ecj\3.18.0\ecj-3.18.0.jar
Launcher Type: SUN_STANDARD

[Global flags]
     intx CICompilerCount                          = 3                                         {product} {ergonomic}
     uint ConcGCThreads                            = 1                                         {product} {ergonomic}
     uint G1ConcRefinementThreads                  = 4                                         {product} {ergonomic}
   size_t G1HeapRegionSize                         = 2097152                                   {product} {ergonomic}
    uintx GCDrainStackTargetSize                   = 64                                        {product} {ergonomic}
   size_t InitialHeapSize                          = 199229440                                 {product} {ergonomic}
     bool ManagementServer                         = true                                      {product} {command line}
   size_t MarkStackSize                            = 4194304                                   {product} {ergonomic}
   size_t MaxHeapSize                              = 3187671040                                {product} {ergonomic}
   size_t MaxNewSize                               = 1912602624                                {product} {ergonomic}
   size_t MinHeapDeltaBytes                        = 2097152                                   {product} {ergonomic}
   size_t MinHeapSize                              = 8388608                                   {product} {ergonomic}
    uintx NonProfiledCodeHeapSize                  = 0                                      {pd product} {ergonomic}
     bool ProfileInterpreter                       = false                                  {pd product} {command line}
    uintx ProfiledCodeHeapSize                     = 0                                      {pd product} {ergonomic}
   size_t SoftMaxHeapSize                          = 3187671040                             {manageable} {ergonomic}
     intx TieredStopAtLevel                        = 1                                         {product} {command line}
     bool UseCompressedClassPointers               = true                           {product lp64_product} {ergonomic}
     bool UseCompressedOops                        = true                           {product lp64_product} {ergonomic}
     bool UseG1GC                                  = true                                      {product} {ergonomic}
     bool UseLargePagesIndividualAllocation        = false                                  {pd product} {ergonomic}

Logging:
Log output configuration:
 #0: stdout all=warning uptime,level,tags foldmultilines=false
 #1: stderr all=off uptime,level,tags foldmultilines=false

Environment Variables:
JAVA_HOME=C:\Program Files\Java\jdk-17.0.5
PATH=C:\Program Files\Python\Scripts\;C:\Program Files\Python\;C:\Program Files (x86)\VMware\VMware Workstation\bin\;C:\WINDOWS\system32;C:\WINDOWS;C:\WINDOWS\System32\Wbem;C:\WINDOWS\System32\WindowsPowerShell\v1.0\;C:\WINDOWS\System32\OpenSSH\;C:\MinGW\bin;C:\Program Files\Azure Data Studio\bin;C:\Program Files\nodejs\;C:\Program Files\Git\cmd;C:\Program Files\Java\jdk-17.0.5\bin;C:\Program Files\Microsoft SQL Server\Client SDK\ODBC\170\Tools\Binn\;C:\Program Files (x86)\Microsoft SQL Server\150\Tools\Binn\;C:\Program Files\Microsoft SQL Server\150\Tools\Binn\;C:\Program Files\Microsoft SQL Server\150\DTS\Binn\;C:\Program Files (x86)\Microsoft SQL Server\150\DTS\Binn\;C:\Program Files\TortoiseGit\bin;C:\Program Files\Apache Software Foundation\my cat1\BIN;C:\Program Files\Java\jdk-17.0.5\BIN;;C:\Program Files\Docker\Docker\resources\bin;C:\Program Files\Java\jdk1.8.0_321\bin;C:\Users\PC\AppData\Local\Programs\Microsoft VS Code\bin;C:\Users\PC\AppData\Roaming\npm
USERNAME=PC
OS=Windows_NT
PROCESSOR_IDENTIFIER=Intel64 Family 6 Model 142 Stepping 10, GenuineIntel



---------------  S Y S T E M  ---------------

OS:
 Windows 10 , 64 bit Build 19041 (10.0.19041.3155)
OS uptime: 3 days 22:53 hours
Hyper-V role detected

CPU: total 4 (initial active 4) (2 cores per cpu, 2 threads per core) family 6 model 142 stepping 10 microcode 0xca, cx8, cmov, fxsr, ht, mmx, 3dnowpref, sse, sse2, sse3, ssse3, sse4.1, sse4.2, popcnt, lzcnt, tsc, tscinvbit, avx, avx2, aes, erms, clmul, bmi1, bmi2, adx, fma, vzeroupper, clflush, clflushopt, hv

Memory: 4k page, system-wide physical 12152M (2285M free)
TotalPageFile size 14567M (AvailPageFile size 388M)
current process WorkingSet (physical memory assigned to process): 145M, peak: 145M
current process commit charge ("private bytes"): 179M, peak: 301M

vm_info: Java HotSpot(TM) 64-Bit Server VM (18.0.2.1+1-1) for windows-amd64 JRE (18.0.2.1+1-1), built on Aug 16 2022 01:46:33 by "mach5one" with MS VC++ 16.8 / 16.9 (VS2019)

END.
